[    0.000000] Initiaizing cou subsy cuset
   0.0000] Itilizing cgroup bss cpu
[    0.000000] Initilizing cgroup bss cpcc
[  00000] inux vesin 4.4.-19-geer (build@cy01md4-013)gcc vesi 5.4 2160609 (Ubunu 5.4.0-ubnt1~16.4.)  #143-butuSMP Mon Ap 21608:24 UTC 2018 (Ubuntu 4.4.0-119.143-generic 4.4.114)
[    .00000] omand line BOTIMAGE=/bt/vmlnu4.4.11-generic root=LABEL=cloudimg-rootfs o onsole=tty1 console=ttyS0
[    0.000000] KERNELsupoted cpus
[    .00000  ntel GenuineIntel
[    0.000000]   MD AuthenticAMD
[    0.000000]   Centaur CentaurHauls
[    0.000000] x86/fpu: xstate_offset[2]:  576, xstate_sizes[2]:  256
[    0.000000] x86/fpu: Suporting XSAVE featur 001: 'x floating point rgiers'
  0.000000] x86/fpu: Supporting XSAVE feature 0x02: 'SSE registers'
[   .0000]x86/u:Supporting XSAVE fetue 0x04:'AX restrs'    0.000000] x86/fpu: Enabld xstateeatus x7, coext size is 832 te, usin'standd' format.
[    00000] x8fpu: Usig 'ly'FPU coext switches
[  00000] 820: BIOS-rovid hysil AM m:
[    0.000000 BIOe80: [mem x00000000000000-0x000000000009ff] abe
[  .00000]IOS-e820: [mem 0x0000000009f00x0000000000ffff] resrv
[   000000] BIS-820: [mem 0x00000000000f00000x00000000fffff rerved
[    0.00000] IOS-e820:[mm 0x0000000000100000-0x0000003fffff]usable
[    .00000] BOSe80: [mem x0000003ff0000x00000003fffff] ACPI data
[   .00000] IO-e820: me 00000000fe0000-0x00000000fec00fff] reserved
[    0.000000] BIOS-e820: [mem 0x00000000fee00000-0x00000000fee00fff] reserved
[    0.000000] BIOS-e820: [mem 0x00000000fffc0000-0x00000000ffffffff] reserved
[    .00000] NX (Excue Disae) protecton: activ
   0.00000] SMBIS 5 present.
[    0.000000] Hypeisor detected: KVM
[    00000 Kerne/Uer pe ableislation: disabled
[    0.000000] AGP: No AGP bridge found
[    0.000000] e820: last_pfn = 0x3fff0 max_arch_pfn  000000000
[   0.000000] MTRR: isbld[    0.00000] x/PT: MRsdisaed sppng PAT initialization too.
[    0.000000] CPU MTRRs all blank - virtualized system.
[   0.0000] 6/PAT: Cofiuraton0-7]: B T  UC- UC W WT  U- C  
[   0.0000 fnd S M-tab a [me 0009ff0x000ff] maedat [ffff8800009fff0]
[   .000000] canig 1 areas fo lw memorycoruption
[   0.00000] RAMDISK: [mem 0x36aa4000-0x37549fff]
[    0.000000] ACPI: Early table checksum verification disabled
[    0.000000] ACPI: RSDP 0x00000000000E0000 000024 (v02 VBOX  )
[    0.000000] ACPI: XSDT 0x000000003FFF0030 00003C (v01 VBOX   VBOXXSDT 00000001 ASL  00000061)
[    0.000000] ACPI: FACP 0x000000003FFF00F0 0000F4 (v04 VBOX   VBOXFACP 00000001 ASL  00000061)
[    0.000000] ACPI: DSDT 0x000000003FFF0470 0021FF (v02 VBOX   VBOXBIOS 00000002 INTL 20160108)
[    0.000000] ACPI: FACS 0x0000003FFF0200 000040
[    0.000000] ACPI: FACS 0x000000003FFF0200 000040
[    0.000000] ACPI: APIC 0x000000003FFF0240 00005C (v02 VBOX   VBOXAPIC 00000001 ASL  00000061)
[    0.000000] ACPI: SSDT 0x000000003FFF02A0 0001CC (v01 VBOX   VBOXCPUT 00000002 INTL 201610)
[    0.000000] No NUMA configuration found
[    0.000000] Faking a node at [mem 000000000000-00000003ffeffff]
[    0.0000 NOD_DA(0) allocated [mem 0x3ffeb000-0x3ffff]
[   000000] kvm-clock:sig msrs 4b564d01 and 564d00[   0.00000] kvm-clock c 0, ms0:ffe31,primary cpuclck
[    .00000kv-clockusing sche offset of 3564984915 ycles
[    0.000000] clocksure: kvm-lo: mask: 0xfffffffffffff maxcyes: 0x1c42dffbmax_idle_ns 815905948 ns
[    0.00000] Zone ranges:
[    0.000000]   DMA     em 0x0000000000001000-00000000ffffff]
[    0.000000]   DMA32    [mem 0x0000000001000000-0x000000003ffeffff]
[    0.000000]   Normal   empty
[    0.000000]   Device   emty
[    0.000000] Movable zone srtfor chnode[    000000]ary memorynoe ranges
[   0000]  nod  : [mem0x00000000001000x00000000000efff
[   00000] noe   0: me 0x0000000100000-0x000000003ffefff][    0.00000] nitmem setupnode  [m 0x0000000000001000-0x000000003ffeffff]
[    0.000000] ACPI: PM-Timer IO Port: 0x4008
[    0.000000] IOAPIC[0]: apic_id 2, version 32, address 0xfec00000, GSI 0-23
[    0.000000] ACPI: INT_SRC_OVR (bus 0 bus_irq 0 global_irq 2 dfl dfl)
[    0.000000] ACPI: INT_SRC_OVR (bus 0 bus_irq 9 global_irq 9 low level)
[    0.000000] Using ACPI (MADT) for SMP configuration information
[    0.000000] smpboot: Allowing 2 CPUs, 0hotplug CPUs
[    00000] PM: Regstre nosav mmoy: [mem 0x00000000-0x00000fff]
[    0.000000] PM: Registered nosave memory: [mem 0x0009f000-0x0009ffff]
[    0.000000] PM: Registered nosave memory: [mem 0x000a0000-0x000effff]
[    0.000000] PM: Regisered nosvemeory [em0x000f000x000fff]
[    .0000] 82: mem 0x400000-0xfebfffff] available orPCI devices
[   0.00000 Booinparavirtualized rnl onVM
[    000000] losour: efined-jifies: mask: 0xffffffff max_cycles: 0xffffffff, max_idle_ns: 7645519600211568 ns
[    0.000000] setup_percpu: NR_CPUS:512 nr_cpumask_bits:51 n_cpuid:2nr_nodeid1
[    0.000000] PERCPU: Embedded 34 pages/cpu @ffff88003fc00000 s99544 r8192 d31528 u1048576
[    0.000000] PV qspinlock hash table entries: 256 (order: 0, 4096 bytes)
[  0.000000] Built 1 zonelists in Node order, mobility grouping on.  Total pages: 257912
[    0.000000] Policy zone: DMA32
[    0.000000] Kernel command line: BOOT_IMAGE=/boot/vmlinuz-4.4.0-119-generic root=LABEL=cloudimg-rootfs ro console=tty1 console=ttyS0
[    0.000000] PID hash table entries: 4096 (order: 3, 32768 bytes)
[    0.000000] AGP: Checking aperture...
[    0.000000] AGP: No AGP bridge found
[   .000000 Mmory: 10160K/14820 available (8532K kernel code, 1313K rwdata, 3996K rodata, 1508K init, 1316K bss,46500K reserve, K maeserve)[    0.000000] SLUB: HWalign=64 Oder=0-3, MnOjets=0, CPUs=2, Nodes=1
[    0.000000] Hirarcca RCUimlementation.
[    0.000000] 	Build-time adjustment of leaf fnot to 64.
[    0.000000] 	RCU restricting CPUs from NR_CPUS=512tor_cpu_ids=2.
[    0.000000] RCU: Adjusting geometry for rcu_fanout_leaf=64, nr_cpu_ids=2
[    0.000000] NR_IRQS:33024 nr_irqs:440 16
[    0.000000] Console: colour VGA+ 80x25
[    0.000000] console [tty1] enabled
[    0.000000] console [ttyS] nabled
[    0.000000] tsc: Detected 3415.332 MHz processor
[   000000] tsc: Marking TSC unstable due to TSCs unsynchronized
[    0.008000] Calibrating delay loop (skipped) preset value.. 6830.66 BogoMIPS (lpj=13661328)
[    0.012005] pid_max: default: 32768 minimum: 301
[    0.016022] ACPI: Core revision 20150930
[    0.021142] ACPI: 2 ACPI AML tables successfully acquired and loaded
[    0.028457] Security Framework initialized
[    0.032006] Yama: becoming mindful.
[    0.036041] AppArmor: AppArmor initialized
[    0.044132] Dentry cache hash table entries: 131072 (order: 8, 1048576 bytes)
[    0.047187] Inode-cache hash table entries: 65536 (order: 7, 524288 bytes)
[    0.048773] Mount-cache hash table entries: 2048 (order: 2, 16384 bytes)
[    0.052023] Mountpoint-cache hash table entries: 2048 (order: 2, 16384 bytes)
[    0.056213] Initializing cgroup subsys io
[    0.060008] Initializing cgroup subsys memory
[    0.064011] Initializing cgroup subsys devices
[    0.068011] Initializing cgroup subsys freezer
[    0.072011] Initializing cgroup subsys net_cls
[    0.076019] Initializing cgroup subsys perf_event
[    0.080009] Initializing cgroup subsys net_prio
[    0.084015] Initializing cgroup subsys hugetlb
[    0.088008] Initializing cgroup subsys pids
[    0.092161] FEATURE SPEC_CTRL Not Present
[    0.096005] FEATURE IBPB Not Present
[    0.100006] CPU: Physical Processor ID: 0
[    0.104011] CPU: Processor Core ID: 0
[    0.108009] mce: CPU supports 0 MCE banks
[    0.112026] Last level iTLB entries: 4KB 512, 2MB 1024, 4MB 512
[    0.116011] Last level dTLB entries: 4KB 1024, 2MB 1024, 4MB 512, 1GB 0
[    0.120012] Spectre V2 mitigation: LFENCE not serializing. Switching to generic retpoline
[    0.124007] Spectre V2 mitigation: Mitigation: Full generic retpoline
[    0.128005] Spectre V2 mitigation: Speculation control IBPB not-supported IBRS not-supported
[    0.132009] Spectre V2 mitigation: Filling RSB on context switch
[    0.138698] Freeing SMP alternatives memory: 32K
[    0.150691] ftrace: allocating 32195 entries in 126 pages
[    0.180109] smpboot: APIC(0) Converting physical 0 to logical package 0
[    0.184009] smpboot: Max logical packages: 1
[    0.188432] x2apic enabled
[    0.192015] Switched APIC routing to physical x2apic.
[    0.197821] ..TIMER: vector=0x30 apic1=0 pin1=2 apic2=-1 pin2=-1
[    0.204000] smpboot: CPU0: AMD FX(tm)-8120 Eight-Core Processor (family: 0x15, model: 0x1, stepping: 0x2)
[    0.216016] Performance Events: Broken PMU hardware detected, using software events only.
[    0.224009] Failed to access perfctr msr (MSR c0010007 is 0)
[    0.228046] KVM setup paravirtual spinlock
[    0.232885] x86: Booting SMP configuration:
[    0.236009] .... node  #0, CPUs:      #1
[    0.008000] kvm-clock: cpu 1, msr 0:3ffe3041, secondary cpu clock
[    0.008000] mce: CPU supports 0 MCE banks
[    0.370718] x86: Booted up 1 node, 2 CPUs
[    0.372011] smpboot: Total of 2 processors activated (13661.32 BogoMIPS)
[    0.376418] devtmpfs: initialized
[    0.382622] evm: security.selinux
[    0.384009] evm: security.SMACK64
[    0.388002] evm: security.SMACK64EXEC
[    0.392003] evm: security.SMACK64TRANSMUTE
[    0.396003] evm: security.SMACK64MMAP
[    0.400006] evm: security.ima
[    0.404008] evm: security.capability
[    0.408320] clocksource: jiffies: mask: 0xffffffff max_cycles: 0xffffffff, max_idle_ns: 7645041785100000 ns
[    0.412044] futex hash table entries: 512 (order: 3, 32768 bytes)
[    0.416135] pinctrl core: initialized pinctrl subsystem
[    0.424081] RTC time:  6:22:32, date: 04/18/18
[    0.432055] NET: Registered protocol family 16
[    0.448035] cpuidle: using governor ladder
[    0.464013] cpuidle: using governor menu
[    0.468022] PCCT header not found.
[    0.472411] ACPI: bus type PCI registered
[    0.476005] acpiphp: ACPI Hot Plug PCI Controller Driver version: 0.5
[    0.480151] PCI: Using configuration type 1 for base access
[    0.484007] PCI: Using configuration type 1 for extended access
[    0.500145] ACPI: Added _OSI(Module Device)
[    0.620029] ACPI: Added _OSI(Processor Device)
[    0.736011] ACPI: Added _OSI(3.0 _SCP Extensions)
[    0.800013] ACPI: Added _OSI(Processor Aggregator Device)
[    0.868936] ACPI: Executed 1 blocks of module-level executable AML code
[    0.894423] ACPI: Interpreter enabled
[    0.940031] ACPI: (supports S0 S5)
[    1.008010] ACPI: Using IOAPIC for interrupt routing
[    1.140262] PCI: Using host bridge windows from ACPI; if necessary, use "pci=nocrs" and report a bug
[    1.284323] ACPI: PCI Root Bridge [PCI0] (domain 0000 [bus 00-ff])
[    1.380022] acpi PNP0A03:00: _OSC: OS supports [ExtendedConfig ASPM ClockPM Segments MSI]
[    1.580084] acpi PNP0A03:00: _OSC: OS now controls [PCIeHotplug PME AER PCIeCapability]
[    1.716410] PCI host bridge to bus 0000:00
[    1.756014] pci_bus 0000:00: root bus resource [io  0x0000-0x0cf7 window]
[    1.812014] pci_bus 0000:00: root bus resource [io  0x0d00-0xffff window]
[    2.036046] pci_bus 0000:00: root bus resource [mem 0x000a0000-0x000bffff window]
[    2.048022] pci_bus 0000:00: root bus resource [mem 0x40000000-0xfdffffff window]
[    2.056015] pci_bus 0000:00: root bus resource [bus 00-ff]
[    2.065588] pci 0000:00:01.1: legacy IDE quirk: reg 0x10: [io  0x01f0-0x01f7]
[    2.088007] pci 0000:00:01.1: legacy IDE quirk: reg 0x14: [io  0x03f6]
[    2.092004] pci 0000:00:01.1: legacy IDE quirk: reg 0x18: [io  0x0170-0x0177]
[    2.096003] pci 0000:00:01.1: legacy IDE quirk: reg 0x1c: [io  0x0376]
[    2.133030] pci 0000:00:07.0: quirk: [io  0x4000-0x403f] claimed by PIIX4 ACPI
[    2.156019] pci 0000:00:07.0: quirk: [io  0x4100-0x410f] claimed by PIIX4 SMB
[    2.381519] ACPI: PCI Interrupt Link [LNKA] (IRQs 5 9 10 *11)
[    2.584745] ACPI: PCI Interrupt Link [LNKB] (IRQs 5 9 *10 11)
[    2.788640] ACPI: PCI Interrupt Link [LNKC] (IRQs 5 *9 10 11)
[    2.944643] ACPI: PCI Interrupt Link [LNKD] (IRQs 5 9 10 *11)
[    3.036619] ACPI: Enabled 2 GPEs in block 00 to 07
[    3.192292] vgaarb: setting as boot device: PCI:0000:00:02.0
[    3.196000] vgaarb: device added: PCI:0000:00:02.0,decodes=io+mem,owns=io+mem,locks=none
[    3.716014] vgaarb: loaded
[    3.804007] vgaarb: bridge control possible 0000:00:02.0
[    3.924442] SCSI subsystem initialized
[    4.032103] ACPI: bus type USB registered
[    4.032103] usbcore: registered new interface driver usbfs
[    4.064044] usbcore: registered new interface driver hub
[    4.180057] usbcore: registered new device driver usb
[    4.308163] PCI: Using ACPI for IRQ routing
[    4.380400] NetLabel: Initializing
[    4.476009] NetLabel:  domain hash size = 128
[    4.636009] NetLabel:  protocols = UNLABELED CIPSOv4
[    4.808028] NetLabel:  unlabeled traffic allowed by default
[    5.020094] amd_nb: Cannot enumerate AMD northbridges
[    5.080063] clocksource: Switched to clocksource kvm-clock
[    5.156947] AppArmor: AppArmor Filesystem Enabled
[    5.199375] pnp: PnP ACPI init
[    5.219692] pnp: PnP ACPI: found 3 devices
[    5.248516] clocksource: acpi_pm: mask: 0xffffff max_cycles: 0xffffff, max_idle_ns: 2085701024 ns
[    5.301597] NET: Registered protocol family 2
[    5.338540] TCP established hash table entries: 8192 (order: 4, 65536 bytes)
[    5.362175] TCP bind hash table entries: 8192 (order: 5, 131072 bytes)
[    5.368746] TCP: Hash tables configured (established 8192 bind 8192)
[    5.428411] UDP hash table entries: 512 (order: 2, 16384 bytes)
[    5.452347] UDP-Lite hash table entries: 512 (order: 2, 16384 bytes)
[    5.560549] NET: Registered protocol family 1
[    5.677906] pci 0000:00:00.0: Limiting direct PCI/PCI transfers
[    5.910492] pci 0000:00:01.0: Activating ISA DMA hang workarounds
[    5.969763] Unpacking initramfs...
[    8.028986] Freeing initrd memory: 10904K
[    8.178385] clocksource: tsc: mask: 0xffffffffffffffff max_cycles: 0x313ae21b761, max_idle_ns: 440795318390 ns
[    8.229525] platform rtc_cmos: registered platform RTC device (no PNP device found)
[    8.237499] Scanning for low memory corruption every 60 seconds
[    8.242187] audit: initializing netlink subsys (disabled)
[    8.244699] audit: type=2000 audit(1524032548.117:1): initialized
[    8.249861] Initialise system trusted keyring
[    8.254743] HugeTLB registered 2MBage size, pre-allocated 0 pages
[    8.383290] zbud: loaded
[    8.402487] VFS: Disk quotas dquot_6.6.0
[    8.422028] VFS: Dquot-cache hash table entries: 512 (order 0, 4096 bytes)
[    8.506464] squashfs: version 4.0 (2009/01/31) Phillip Lougher
[    8.562475] fuse init (API version 7.23)
[    8.637211] Key type big_key registered
[   .768 Aocti I M a bcksteyng
[    9.436175] Key type asymmetric registered
[    9.455116] Asymmetric key parser 'x509' registered
[    9.475712] Block layer SCSI generic (bsg) driver version 0.4 loaded (major 249)
[    9.498186] io scheduler noop registered
[    9.526964] io scheduler deadline registered (default)
[    9.627526] io scheduler cfq registered
[    9.651312] pci_hotplug: PCI Hot Plug PCI Core version: 0.5
[    9.690494] pciehp: PCI Express Hot Plug Controller Driver version: 0.4
[    9.820102] ACPI: AC Adapter [AC] (on-line)
[    9.876161] input: Power Button as /devices/LNXSYSTM:00/LNXPWRBN:00/input/input0
[    9.890260] ACPI: Power Button [PWRF]
[    9.892579] input: Sleep Button as /devices/LNXSYSTM:00/LNXSLPBN:00/input/input1
[    9.905841] ACPI: Sleep Button [SLPF]
[    9.912946] GHES: HEST is not enabled!
[    9.919659] Serial: 8250/16550 driver, 32 ports, IRQ sharing enabled
[    9.947276] 00:02: ttyS0 at I/O 0x3f8 (irq = 4, base_baud = 115200) is a 16550A
[   10.144421] Linux agpgart interface v0.103
[   10.181043] loop: module loaded
[   .282 si st a_piix
[   10083]cs host1: a_ix[ 10683]ta PA x MA3 d 1f0 ct 0f6md 0xd0 q 
  1.42] a2PA m UDMA/33 cmd 0x170 ctl0x6 dm 0d08 irq 1
[  1.6771]libp: xeMD Buspred[ 13590]unUnerl UN/T dicdrer1.
[  19337tu ( 19-04axrayaky<max@qlcm.m>
[   .800 PP enicrir rson2..2

[   15.389909] ehci_hcd: USB 2.0 'Enhanced' Host Controller (EHCI) Driver
[   15.472825] ehci-pci: EHCI PCI platform driver
[   15.524747] ehci-platform: EHCI generic platform driver
[   15.548004] ohci_hcd: USB 1.1 'Open' Host Controller (OHCI) Driver
[   15.636805] ohci-pci: OHCI PCI platform driver
[   15.720709] ohci-platform: OHCI generic platform driver
[   15242]hchc UB nieralosCotroller Interface driver
[ 16704]8042PN P2 ntll [P003:PS2K,NP03S2 a0x,04 q 12[ 17.572 sioi82 D rtt 60x6ir1   8.72] ri i042 X rtt 60x6ir12
[   19.027678] mousedev: PS/2 mouse device common for all mice
[   19.117437] input: AT Translated Set 2 keyboard as /devices/platform/i8042/serio0/input/input2
[   19.124461] rtc_cmos rtc_cmos: rtc core: registered rtc_cmos as rtc0
[   19.124555] rtc_cmos rtc_cmos: alarms up to one day, 114 bytes nvram
[   19.124565] i2c /dev entries driver
[   19.124647] device-mapper: uevent: version 1.0.3
[   19.124731] device-mapper: ioctl: 4.34.0-ioctl (2015-10-28) initialised: dm-devel@redhat.com
[   19.124763] ledtrig-cpu: registered to indicate activity on CPUs
[   19.125162] NET: Registered protocol family 10
[   19.125391] NET: Registered protocol family 17
[   19.125403] Key type dns_resolver registered
[   19.125755] registered taskstats version 1
[   19.125772] Loading compiled-in X.509 certificates
[   19.126705] Loaded X.509 cert 'Build time autogenerated kernel key: f854e06633b5f496ced5b2e02c7b14f761b69302'
[   19.126725] zswap: loaded using pool lzo/zbud
[   19.128784] Key type trusted registered
[   19.132133] Key type encrypted registered
[   19.132138] AppArmor: AppArmor sha1 policy hashing enabled
[   19.132141] ima: No TPM chip found, activating TPM-bypass!
[   19.132162] evm: HMAC attrs: 0x1
[   19.132482]   Magic number: 14:795:367
[   19.353348] rtc_cmos rtc_cmos: setting system clock to 2018-04-18 06:22:51 UTC (1524032571)
[   19.353531] BIOS EDD facility v0.16 2004-Jun-25, 0 devices found
[   19.353531] EDD information not available.
[   20.323525] Freeing unused kernel memory: 1508K
[   20.368082] Write protecting the kernel read-only data: 14336k
[   20.388889] Freeing unused kernel memory: 1696K
[   20.397211] Freeing unused kernel memory: 100K
Loading, please wait...
[   20.426393] random: systemd-udevd: uninitialized urandom read (16 bytes read, 5 bits of entropy available)
starting version[   20.427444] random: udevadm: uninitialized urandom read (16 bytes read, 5 bits of entropy available)
 229
[   20.427476] random: udevadm: uninitialized urandom read (16 bytes read, 5 bits of entropy available)
[   20.442086] random: udevadm: uninitialized urandom read (16 bytes read, 5 bits of entropy available)
[   20.442143] random: udevadm: uninitialized urandom read (16 bytes read, 5 bits of entropy available)
[   20.442344] random: udevadm: uninitialized urandom read (16 bytes read, 5 bits of entropy available)
[   20.442416] random: udevadm: uninitialized urandom read (16 bytes read, 5 bits of entropy available)
[   20.442486] random: udevadm: uninitialized urandom read (16 bytes read, 5 bits of entropy available)
[   20.442557] random: udevadm: uninitialized urandom read (16 bytes read, 5 bits of entropy available)
[   20.442628] random: udevadm: uninitialized urandom read (16 bytes read, 5 bits of entropy available)
[   20.678873] e1000: Intel(R) PRO/1000 Network Driver - version 7.3.21-k8-NAPI
[   20.696753] e1000: Copyright (c) 1999-2006 Intel Corporation.
[   20.733590] Fusion MPT base driver 3.04.20
[   20.785097] Copyright (c) 1999-2008 LSI Corporation
[   20.806074] Fusion MPT SPI Host driver 3.04.20
[   20.828898] AVX version of gcm_enc/dec engaged.
[   20.857189] AES CTR mode by8 optimization enabled
[   21.048054] input: ImExPS/2 Generic Explorer Mouse as /devices/platform/i8042/serio1/input/input4
[   21.169629] e1000 0000:00:03.0 eth0: (PCI:33MHz:32-bit) 02:39:99:10:d1:5e
[   21.236965] e1000 0000:00:03.0 eth0: Intel(R) PRO/1000 Network Connection
[   21.902730] e1000 0000:00:08.0 eth1: (PCI:33MHz:32-bit) 08:00:27:7f:ed:58
[   22.024412] e1000 0000:00:08.0 eth1: Intel(R) PRO/1000 Network Connection
[   22.078150] e1000 0000:00:08.0 enp0s8: renamed from eth1
[   22.080238] mptbase: ioc0: Initiating bringup
[   22.136249] e1000 0000:00:03.0 enp0s3: renamed from eth0
[   22.144877] ioc0: LSI53C1030 A0: Capabilities={Initiator}
[   22.314132] scsi host2: ioc0: LSI53C1030 A0, FwRev=00000000h, Ports=1, MaxQ=256, IRQ=20
[   22.556530] scsi 2:0:0:0: Direct-Access     VBOX     HARDDISK         1.0  PQ: 0 ANSI: 5
[   22.678224] scsi target2:0:0: Beginning Domain Validation
[   22.734728] scsi target2:0:0: Domain Validation skipping write tests
[   22.784882] scsi target2:0:0: Ending Domain Validation
[   22.854374] scsi target2:0:0: asynchronous
[   23.318420] scsi 2:0:1:0: Direct-Access     VBOX     HARDDISK         1.0  PQ: 0 ANSI: 5
[   23.350329] scsi target2:0:1: Beginning Domain Validation
[   23.479540] scsi target2:0:1: Domain Validation skipping write tests
[   23.541696] scsi target2:0:1: Ending Domain Validation
[   23.561113] scsi target2:0:1: asynchronous
[   23.824227] floppy0: no floppy controllers found
[   23.824290] work still pending
[   23.949892] sd 2:0:0:0: Attached scsi generic sg0 type 0
[   23.983860] sd 2:0:1:0: Attached scsi generic sg1 type 0
[   23.984022] sd 2:0:0:0: [sda] 20971520 512-byte logical blocks: (10.7 GB/10.0 GiB)
[   24.129476] sd 2:0:1:0: [sdb] 20480 512-byte logical blocks: (10.5 MB/10.0 MiB)
[   24.129520] sd 2:0:0:0: [sda] Write Protect is off
[   24.129638] sd 2:0:0:0: [sda] Incomplete mode parameter data
[   24.129640] sd 2:0:0:0: [sda] Assuming drive cache: write through
[   24.160770]  sda: sda1
[   24.161540] sd 2:0:0:0: [sda] Attached SCSI disk
[   24.238906] sd 2:0:1:0: [sdb] Write Protect is off
[   24.261961] sd 2:0:1:0: [sdb] Incomplete mode parameter data
[   24.280655] sd 2:0:1:0: [sdb] Assuming drive cache: write through
[   24.313741] sd 2:0:1:0: [sdb] Attached SCSI disk
Begin: Loading e[   25.913945] md: linear personality registered for level -1
ssential drivers[   26.047139] md: multipath personality registered for level -4
 ... [   26.120742] md: raid0 personality registered for level 0
[   26.125952] md: raid1 personality registered for level 1
[   26.260054] raid6: sse2x1   gen()  3213 MB/s
[   26.372114] raid6: sse2x1   xor()  4169 MB/s
[   26.452048] raid6: sse2x2   gen()  7813 MB/s
[   26.584034] raid6: sse2x2   xor()  6081 MB/s
[   26.732115] raid6: sse2x4   gen() 10300 MB/s
[   26.900051] raid6: sse2x4   xor()  5048 MB/s
[   26.984790] raid6: using algorithm sse2x4 gen() 10300 MB/s
[   27.088570] raid6: .... xor() 5048 MB/s, rmw enabled
[   27.114469] raid6: using ssse3x2 recovery algorithm
[   27.190716] xor: automatically using best checksumming function:
[   27.424056]    avx       :  7942.000 MB/sec
[   27.509492] async_tx: api initialized (async)
[   27.610346] md: raid6 personality registered for level 6
[   27.696806] md: raid5 personality registered for level 5
[   27.759271] md: raid4 personality registered for level 4
[   27.830456] md: raid10 personality registered for level 10
done.
Begin: Running /scripts/init-premount ... done[   27.885034] Btrfs loaded
.
Begin: Mounting root file system ... Begin: Running /scripts/local-top ... done.
Begin: Runn[   27.963399] EXT4-fs (sda1): mounted filesystem with ordered data mode. Opts: (null)
ing /scripts/local-premount ... Scanning for Btrfs filesystems
done.
Warning: fsck not present, so skipping root file system
done.
Begin: Running /scripts/local-bottom ... done.
Begin: Running /scripts/init-bottom ... done.
[   28.832000] systemd[1]: systemd 229 running in system mode. (+PAM +AUDIT +SELINUX +IMA +APPARMOR +SMACK +SYSVINIT +UTMP +LIBCRYPTSETUP +GCRYPT +GNUTLS +ACL +XZ -LZ4 +SECCOMP +BLKID +ELFUTILS +KMOD -IDN)
[   29.321523] systemd[1]: Detected virtualization oracle.
[   29.359676] systemd[1]: Detected architecture x86-64.

Welcome to [1mUbuntu 16.04.4 LTS[0m!

[   29.436265] systemd[1]: Set hostname to <ubuntu>.
[   29.479248] systemd[1]: Initializing machine ID from random generator.
[   29.599265] systemd[1]: Installed transient /etc/machine-id file.
[   29.679685] random: nonblocking pool is initialized
[   30.464560] systemd[1]: Listening on Journal Socket (/dev/log).
[[0;32m  OK  [0m] Listening on Journal Socket (/dev/log).
[ 30085]systd[: ead icUs a Ssi Sice.
[[0;32m  OK  [0m] Created slice User and Session Slice.
[   31.452443] systemd[1]: Listening on Syslog Socket.
[[0;32m  OK  [0m] Listening on Syslog Socket.
[ 31503364syemd[1 Listenngn M2oldaonoct.
[[0;32m  OK  [0m] Listening on LVM2 poll daemon socket.
[ 32.3089]ysmd]: LteinondeinctCoatily mePi.
[[0;32m  OK  [0m] Listening on /dev/initctl Compatibility Named Pipe.
[   33.40727syemd[]:Lisni oudv Kernel Socke.
[[0;32m  OK  [0m] Listening on udev Kernel Socket.
[ 33488]ysmd]:etp automntrbra Exetae leortsilSyemutou Pnt

[[0;32m  OK  [0m] Set up automount Arbitrary Executab...ats File System Automount Point.
[   35.3855]syted[]:ListenngonJornl udt Socket.
[[0;32m  OK  [0m] Listening on Journal Audit Socket.
[  3.803] std[: ard igr resolvconfpde r etword S.
[[0;32m  OK  [0m] Started Trigger resolvconf update for networkd DNS.
[ 36249] systemd[1]:Rehetaet System Tim Schnized.
[[0;32m  OK  [0m] Reached target System Time Synchronized.
[   .467 sysmd]:reedli SteSle.
[[0;32m  OK  [0m] Created slice System Slice.
[ 38566]ystemd[]:reedlie syemerl\dgtyli.
[[0;32m  OK  [0m] Created slice system-serial\x2dgetty.slice.
[  3.033 sted[: eachd rg Sces.
[[0;32m  OK  [0m] Reached target Slices.
[ 39924]ysmd]:isni oud Ctrl Socket

[[0;32m  OK  [0m] Listening on udev Control Socket.
[   .52403syem1]RehetaetEncrypted Volumes.
[[0;32m  OK  [0m] Reached target Encrypted Volumes.
[   1.23] std[: StarteFoarPasworRees tWa Decryat.
[[0;32m  OK  [0m] Started Forward Password Requests to Wall Directory Watch.
[ 42889]systd[: aced tgeUs a GupamLoup
[[0;32m  OK  [0m] Reached target User and Group Name Lookups.
[ 43400]ysemd[: stin on Jorn Ske
[[0;32m  OK  [0m] Listening on Journal Socket.
[   43.844341] systemd[1]: Starting Set console keymap...
         Starting Set console keymap...
[   43.981469] systemd[1]: Starting Journal Service...
         Starting Journal Service...
[   44.156305] systemd[1]: Starting Uncomplicated firewall...
         Starting Uncomplicated firewall...
[   44.220157] systemd[1]: Mounting Huge Pages File System...
         Mounting Huge Pages File System...
[   44.328155] systemd[1]: Mounting POSIX Message Queue File System...
         Mounting POSIX Message Queue File System...
[   44.480215] systemd[1]: Mounting Debug File System...
         Mounting Debug File System...
[   44.620293] systemd[1]: Starting Load Kernel Modules...
         Starting Load Kernel Modules...[   44.742420] Loading iSCSI transport class v2.0-870.

[   44.808298] iscsi: registered transport (tcp)
[   44.808357] systemd[1]: Starting Create list of required static device nodes for the current kernel...
         Starting Create list of required st... nodes for the current ker[   44.908208] iscsi: registered transport (iser)
nel...
[   45.040207] systemd[1]: Starting Remount Root and Kernel File Systems...
         [   45.144393] EXT4-fs (sda1): re-mounted. Opts: (null)
Starting Remount Root and Kernel File Systems...
[   45.312305] systemd[1]: Listening on Device-mapper event daemon FIFOs.
[[0;32m  OK  [0m] Listening on Device-mapper event daemon FIFOs.
[   45.724268] systemd[1]: Listening on LVM2 metadata daemon socket.
[[0;32m  OK  [0m] Listening on LVM2 metadata daemon socket.
[   45.884336] systemd[1]: Starting Monitoring of LVM2 mirrors, snapshots etc. using dmeventd or progress polling...
         Starting Monitoring of LVM2 mirrors... dmeventd or progress polling...
[   46.092168] systemd[1]: Starting Nameserver information manager...
         Starting Nameserver information manager...
[ 46243]ysmd[1]: Racd rget Sap.
[[0;32m  OK  [0m] Reached target Swap.
[   46.868011] systemd[1]: Mounted Debug File System.
[[0;32m  OK  [0m] Mounted Debug File System.
[   46.920300] systemd[1]: Mounted POSIX Message Queue File System.
[[0;32m  OK  [0m] Mounted POSIX Message Queue File System.
[   47.132250] systemd[1]: Mounted Huge Pages File System.
[[0;32m  OK  [0m] Mounted Huge Pages File System.
[   47.380338] systemd[1]: Started Journal Service.
[[0;32m  OK  [0m] Started Journal Service.
[[0;32m  OK  [0m] Started Set console keymap.
[[0;32m  OK  [0m] Started Uncomplicated firewall.
[[0;32m  OK  [0m] Started Load Kernel Modules.
[[0;32m  OK  [0m] Started Create list of required sta...ce nodes for the current kernel.
[[0;32m  OK  [0m] Started Remount Root and Kernel File Systems.
[[0;32m  OK  [0m] Started Nameserver information manager.
[[0;32m  OK  [0m] Started LVM2 metadata daemon.
         Starting Initial cloud-init job (pre-networking)...
         Starting udev Coldplug all Devices...
         Starting Load/Save Random Seed...
         Starting Create Static Device Nodes in /dev...
         Mounting FUSE Control File System...
         Starting Apply Kernel Variables...
         Starting Flush Journal to Persistent Storage...
[[0;32m  OK  [0m] Mounted FUSE Control File System.
[[0;32m  OK  [0m] Started Load/Save Random Seed.
[[0;32m  OK  [0m] Started Create Static Device Nodes in /dev.
[[0;32m  OK  [0m] Started Monitoring of LVM2 mirrors,...ng dmeventd or progress polling.
[[0;32m  OK  [0m] Started Apply Kernel Variables.
[[0;32m  OK  [0m] Started udev Coldplug all Devices.
         Starting udev Kernel Device Manager...
[[0;32m  OK  [0m] Started Flush Journal to Persistent Storage.
[[0;32m  OK  [0m] Started udev Kernel Device Manager.
[[0;32m  OK  [0m] Started Dispatch Password Requests to Console Directory Watch.
[[0;32m  OK  [0m] Reached target Local File Systems (Pre).
[[0;32m  OK  [0m] Reached target Local File Systems.
         Starting Set console font and keymap...
         Starting Tell Plymouth To Write Out Runtime Data...
         Starting LSB: AppArmor initialization...
         Starting Commit a transient machine-id on disk...
         Starting Create Volatile Files and Directories...
[[0;32m  OK  [0m] Started Commit a transient machine-id on disk.
[[0;32m  OK  [0m] Started Tell Plymouth To Write Out Runtime Data.
[[0;32m  OK  [0m] Found device /dev/ttyS0.
[[0;32m  OK  [0m] Started Create Volatile Files and Directories.
         Starting Update UTMP about System Boot/Shutdown...
[[0;32m  OK  [0m] Started Update UTMP about System Boot/Shutdown.
[[0;32m  OK  [0m] Listening on Load/Save RF Kill Switch Status /dev/rfkill Watch.
[[0;32m  OK  [0m] Started LSB: AppArmor initialization.
[[0;32m  OK  [0m] Started Set console font and keymap.
[[0;32m  OK  [0m] Created slice system-getty.slice.
[   53.583838] cloud-init[431]: Cloud-init v. 17.2 running 'init-local' at Wed, 18 Apr 2018 06:23:25 +0000. Up 53.11 seconds.
[[0;32m  OK  [0m] Started Initial cloud-init job (pre-networking).
[[0;32m  OK  [0m] Reached target Network (Pre).
         Starting Raise network interfaces...
[[0;32m  OK  [0m] Started Raise network interfaces.
[[0;32m  OK  [0m] Reached target Network.
         Starting Initial cloud-init job (metadata service crawler)...
[   56.126617] cloud-init[955]: Cloud-init v. 17.2 running 'init' at Wed, 18 Apr 2018 06:23:27 +0000. Up 54.64 seconds.
[   56.220505] cloud-init[955]: ci-info: ++++++++++++++++++++++++++++++++++++++Net device info++++++++++++++++++++++++++++++++++++++
[[0;32m  OK  [0m] Started Initial cloud-init job (metadata service crawler).
[   56.220742] cloud-init[955]: ci-info: +--------+-------+----------------------------+---------------+-------+-------------------+
[   56.568437] cloud-init[955]: ci-info: | Device |   Up  |          Address           |      Mask     | Scope |     Hw-Address    |
[   56.568772] cloud-init[955]: ci-info: +--------+-------+----------------------------+---------------+-------+-------------------+
[[0;32m  OK  [0m] Reached target Cloud-config availability.
[[   56.568894] cloud-init[955]: ci-info: | enp0s3 |  True |         10.0.2.15          | 255.255.255.0 |   .   | 02:39:99:10:d1:5e |
[0;32m  OK  [0m] Reached target System Initialization.
[[   57.036900] cloud-init[955]: ci-info: | enp0s3 |  True | fe80::39:99ff:fe10:d15e/64 |       .       |  link | 02:39:99:10:d1:5e |
[0;32m  OK  [0m] Listening on UUID daemon activation socket.
[   57.244773] cloud-init[955]: ci-info: | enp0s8 | False |             .              |       .       |   .   | 08:00:27:7f:ed:58 |
[   57.476359] cloud-init[955]: ci-info: |   lo   |  True |         127.0.0.1          |   255.0.0.0   |   .   |         .         |
[   57.476643] cloud-init[955]: ci-info: |   lo   |  True |          ::1/128           |       .       |  host |         .         |
[[0;32m  OK  [0m] Started Timer to automatically refresh installed snaps.
[   57.476760] cloud-init[955]: ci-info: +--------+-------+----------------------------+---------------+-------+-------------------+
[   57.944367] cloud-init[955]: ci-info: +++++++++++++++++++++++++++Route IPv4 info++++++++++++++++++++++++++++
[   57.944663] cloud-init[955]: ci-info: +-------+-------------+----------+---------------+-----------+-------+
         Starting Socket activation for snappy daemon.
[   57.944781] cloud-init[955]: ci-info: | Route | Destination | Gateway  |    Genmask    | Interface | Flags |
[   58.270341] cloud-init[955]: ci-info: +-------+-------------+----------+---------------+-----------+-------+
[   58.270627] cloud-init[955]: ci-info: |   0   |   0.0.0.0   | 10.0.2.2 |    0.0.0.0    |   enp0s3  |   UG  |
         Starting LXD - unix socket.
[[   58.277760] cloud-init[955]: ci-info: |   1   |   10.0.2.0  | 0.0.0.0  | 255.255.255.0 |   enp0s3  |   U   |
[   58.520869] cloud-init[955]: ci-info: +-------+-------------+----------+---------------+-----------+-------+
[0;32m  OK  [0m] Listening on ACPID Listen Socket.
[[   58.520963] cloud-init[955]: Generating public/private rsa key pair.
[   58.766775] cloud-init[955]: Your identification has been saved in /etc/ssh/ssh_host_rsa_key.
[0;32m  OK  [0m] Started Daily apt download activities.
[[0;32m  OK  [0m[   58.766843] ] cloud-initStarted Daily apt upgrade and clean activities.[955]: 
Your public key has been saved in /etc/ssh/ssh_host_rsa_key.pub.
[   59.072369] cloud-init[955]: The key fingerprint is:
[   59.072654] cloud-init[955]: SHA256:afYAk8Xu18BR5UVZGi6Ukzso4ZdUsMsCq8M8veZVsJ8 root@ubuntu-xenial
[[0;32m  OK  [0m] Started ACPI Events Check.
[[   59.072807] cloud-init[955]: The key's randomart image is:
[0;32m  OK  [0m] Reached target Paths.
[[   59.396916] cloud-init[955]: +---[RSA 2048]----+
[0;32m  OK  [0m] Started Daily Cleanup of Temporary Directories.
[[   59.480843] cloud-init[955]: |       .. .+++o.*|
[   59.580920] cloud-init[955]: |       oo oo+o = |
[0;32m  OK  [0m] Reached target Timers.
[[   59.580983] cloud-init[955]: |      =o.+.+.o+  |
[0;32m  OK  [0m] Listening on D-Bus System Message Bus Socket.
[[   59.836853] cloud-init[955]: |       =+=*.o.   |
[0;32m  OK  [0m] Reached target Network is Online.
[   59.945229] cloud-init[955]: |      ..So+o .   |
[   60.176388]          cloud-initStarting iSCSI initiator daemon (iscsid)...[955]: 
|   o o o.*...    |
[   60.268387] [cloud-init[0;32m  OK  [0m[955]: ] |    * . ..E      |Listening on Socket activation for snappy daemon.

[[0;32m  OK  [0m] Listening on LXD - unix socket.
[   60.268880] cloud-init[955]: |     o.o         |
[   60.412358] cloud-init[955]: |     oo          |
[   60.412663] cloud-init[955]: +----[SHA256]-----+
[[0;32m  OK  [0m] Reached target Sockets.
[[   60.412791] cloud-init[955]: Generating public/private dsa key pair.
[0;32m  OK  [0m] Reached target Basic System.
[   60.564867] cloud-init[955]: Your identification has been saved in /etc/ssh/ssh_host_dsa_key.
[   60.744554]          cloud-initStarting LSB: Record successful boot for GRUB...[955]: 
Your public key has been saved in /etc/ssh/ssh_host_dsa_key.pub.
[   60.860351] [cloud-init[0;32m  OK  [0m[955]: ] The key fingerprint is:Started FUSE filesystem for LXC.

[   60.860772] cloud-init[955]: SHA256:BjMT88mUpWJHlhnY+rhZNjfJ62W8fVNNJJL0otv4XmY root@ubuntu-xenial
[   61.024500] [cloud-init[0;32m  OK  [0m[955]: ] The key's randomart image is:Started ACPI event daemon.

[   61.024932] cloud-init[955]: +---[DSA 1024]----+
[   61.148395]          cloud-initStarting LSB: MD monitoring daemon...[955]: 
|      oo=*....   |
[   61.216349] cloud-init[955]: |      .O=o  o.. .|
[   61.216631] cloud-init[955]: |      B.*   ...o |
[[0;32m  OK  [0m] Started Regular background program processing daemon.
[   61.216776] cloud-init[955]: |     ..B   . .  .|
[   61.456397] cloud-init[955]: |       oS...   ..|
[   61.456638] cloud-init[955]: |      ..= ==    o|
         Starting Apply the settings specified in cloud-config...
[   61.456774] cloud-init[955]: |       = ooo= E .|
[   61.588353] cloud-init[955]: |      o   .+ * ..|
         Starting Login Service...
[   61.626637] cloud-init[955]: |         ...+ ...|
[   61.704602]          cloud-initStarting /etc/rc.local Compatibility...[955]: 
+----[SHA256]-----+
[   61.812398]          cloud-initStarting System Logging Service...
[955]: Generating public/private ecdsa key pair.
         Starting LXD - container startup/shutdown...
[   61.886724] cloud-init[955]: Your identification has been saved in /etc/ssh/ssh_host_ecdsa_key.
[[0;32m  OK  [0m] Started Deferred execution scheduler.
[   61.998964] cloud-init[955]: Your public key has been saved in /etc/ssh/ssh_host_ecdsa_key.pub.
[   62.113343]          cloud-initStarting Virtualbox guest utils...[955]: 
The key fingerprint is:
[   62.184317] [cloud-init[0;32m  OK  [0m[955]: ] SHA256:s/tH6NKEVgfxe8Lh6vgzYSS8ZTY95xmknD/j7sbU3ZY root@ubuntu-xenialStarted D-Bus System Message Bus.

[   62.184794] cloud-init[955]: The key's randomart image is:
[   62.328423] cloud-init[955]: +---[ECDSA 256]---+
[   62.364379] cloud-init[955]: |          ..     |
[   62.404714] cloud-init[955]: |          ..  .  |
[   62.445934] cloud-init[955]: |       .   +o+   |
[   62.473509] cloud-init[955]: |        o BoBoo  |
[   62.512687] cloud-init[955]: |        SX +==.++|
[   62.544348] cloud-init[955]: |        +o=..oBE=|
[   62.582423] cloud-init[955]: |       ..=.o + + |
[   62.620381] cloud-init[955]: |        .+= . +  |
[   62.668507] cloud-init[955]: |        o+++ +o  |
[[0;32m  OK  [0m] Started Unattended Upgrades Shutdown.
[   62.719221] cloud-init[955]: +----[SHA256]-----+
         Starting Pollinate to seed the pseudo random number generator...
[   62.795090] cloud-init[955]: Generating public/private ed25519 key pair.
[   62.905464] cloud-init[955]: Your identification has been saved in /etc/ssh/ssh_host_ed25519_key.
         Starting Accounts Service...
[   62.989077] cloud-init[955]: Your public key has been saved in /etc/ssh/ssh_host_ed25519_key.pub.
[   63.090437] cloud-init[955]: The key fingerprint is:
[   63.090797] cloud-init[955]: SHA256:HHRkFyxDwIERm31ZkYWnCMJTubzNo4F9ruXlmirCxZY root@ubuntu-xenial
         Starting Snappy daemon...
[   63.090923] cloud-init[955]: The key's randomart image is:
[   63.268579] cloud-init[955]: +--[ED25519 256]--+
[   63.268858] cloud-init[955]: |     .o*=*=.=*.  |
[[0;32m  OK  [0m] Started System Logging Service.
[[   63.268992] cloud-init[955]: |      ==+oo++ .  |
[0;32m  OK  [0m] Started iSCSI initiator daemon (iscsid).
[   63.405172] cloud-init[955]: |      o+ooo+ o   |
[   63.532551] [cloud-init[0;32m  OK  [0m[955]: ] |       .oo. .    |Started /etc/rc.local Compatibility.

[   63.533064] cloud-init[955]: |     . +S+       |
[[0;32m  OK  [0m] Started LXD - container startup/shutdown.
[   63.654831] cloud-init[955]: |      E + =      |
[   63.740379] cloud-init[955]: |   . o   =...    |
[   63.784418] cloud-init[955]: |    o . .o.+     |
[   63.828262] cloud-init[955]: |     . .oo+..    |
[   63.828517] cloud-init[955]: +----[SHA256]-----+
[[0;32m  OK  [0m] Started Login Service.
[   63.835571] cloud-init[1079]: Generating locales (this might take a while)...
         Starting Login to default iSCSI targets...
[[0;32m  OK  [0m] Started LSB: Record successful boot for GRUB.
[[0;32m  OK  [0m] Started LSB: MD monitoring daemon.
         Starting Authenticate and Authorize Users to Run Privileged Tasks...
[[0;32m  OK  [0m] Started Login to default iSCSI targets.
[   64.768780] cloud-init[1079]:   en_US.UTF-8... done
[[0;32m  OK  [0m] Reached target Remote File Systems (Pre).
[[   64.828665] cloud-init[1079]: Generation complete.
[0;32m  OK  [0m] Reached target Remote File Systems.
         Starting Permit User Sessions...
         Starting LSB: Set the CPU Frequency Scaling governor to "ondemand"...
         Starting LSB: daemon to balance interrupts for SMP systems...
         Starting LSB: automatic crash report generation...
[[0;32m  OK  [0m] Started Virtualbox guest utils.
[[0;32m  OK  [0m] Started Permit User Sessions.
[[0;32m  OK  [0m] Started Authenticate and Authorize Users to Run Privileged Tasks.
[[0;32m  OK  [0m] Started Accounts Service.
[[0;32m  OK  [0m] Started LSB: Set the CPU Frequency Scaling governor to "ondemand".
         Starting Terminate Plymouth Boot Screen...
         Starting Hold until boot process finishes up...
[[0;32m  OK  [0m] Started LSB: automatic crash report generation.
[[0;32m  OK  [0m] Started LSB: daemon to balance interrupts for SMP systems.
[[0;32m  OK  [0m] Started Terminate Plymouth Boot Screen.
[[0;32m  OK  [0m] Started Hold until boot process finishes up.
[[0;32m  OK  [0m] Started Getty on tty1.
[[0;32m  OK  [0m] Started Serial Getty on ttyS0.
[[0;32m  OK  [0m] Reached target Login Prompts.
         Starting Set console scheme...
[[0;32m  OK  [0m] Started Set console scheme.
[[0;32m  OK  [0m] Started Pollinate to seed the pseudo random number generator.
[[0;32m  OK  [0m] Started Snappy daemon.
         Starting OpenBSD Secure Shell server...
[[0;32m  OK  [0m] Started OpenBSD Secure Shell server.
[[0;32m  OK  [0m] Reached target Multi-User System.
[[0;32m  OK  [0m] Reached target Graphical Interface.
         Starting Update UTMP about System Runlevel Changes...
[[0;32m  OK  [0m] Started Update UTMP about System Runlevel Changes.
[[0;32m  OK  [0m] Created slice User Slice of vagrant.
         Starting User Manager for UID 1000...
[[0;32m  OK  [0m] Started Session 1 of user vagrant.
[[0;32m  OK  [0m] Started User Manager for UID 1000.
[   66.995005] cloud-init[1079]: Cloud-init v. 17.2 running 'modules:config' at Wed, 18 Apr 2018 06:23:34 +0000. Up 61.79 seconds.
[[0;32m  OK  [0m] Started Apply the settings specified in cloud-config.
         Starting Execute cloud user/final scripts...
ci-info: no authorized ssh keys fingerprints found for user ubuntu.
<14>Apr 18 06:23:40 ec2: 
<14>Apr 18 06:23:40 ec2: #############################################################
<14>Apr 18 06:23:40 ec2: -----BEGIN SSH HOST KEY FINGERPRINTS-----
<14>Apr 18 06:23:40 ec2: 1024 SHA256:BjMT88mUpWJHlhnY+rhZNjfJ62W8fVNNJJL0otv4XmY root@ubuntu-xenial (DSA)
<14>Apr 18 06:23:40 ec2: 256 SHA256:s/tH6NKEVgfxe8Lh6vgzYSS8ZTY95xmknD/j7sbU3ZY root@ubuntu-xenial (ECDSA)
<14>Apr 18 06:23:40 ec2: 256 SHA256:HHRkFyxDwIERm31ZkYWnCMJTubzNo4F9ruXlmirCxZY root@ubuntu-xenial (ED25519)
<14>Apr 18 06:23:40 ec2: 2048 SHA256:afYAk8Xu18BR5UVZGi6Ukzso4ZdUsMsCq8M8veZVsJ8 root@ubuntu-xenial (RSA)
<14>Apr 18 06:23:40 ec2: -----END SSH HOST KEY FINGERPRINTS-----
<14>Apr 18 06:23:40 ec2: #############################################################
-----BEGIN SSH HOST KEY KEYS-----
ecdsa-sha2-nistp256 AAAAE2VjZHNhLXNoYTItbmlzdHAyNTYAAAAIbmlzdHAyNTYAAABBBC/HYwaLz4F/v3LXCJvzIsTJbiv4oYdXgZ129F0miwtb9hVEzIYpxYRD0PXa23PCreDr8AeKIy4xSaRsISeZ7I4= root@ubuntu-xenial
ssh-ed25519 AAAAC3NzaC1lZDI1NTE5AAAAIJgBKlI0WcySf4uHBDmZ33xikrRfY+YmtOpi06YzTSYw root@ubuntu-xenial
ssh-rsa AAAAB3NzaC1yc2EAAAADAQABAAABAQC/516V5wMRJYd5pIYXKqVKSRhPcznyulDcWqqljMuqBO/5d3sPU12+8k0dvB4dXc+23uRSntYtvff4KZ6HDGeE8ztBP1RFuPso2nZyjNwbdZkOeUu7tbxoJ2tCWCFBIZMgb3yJVA4Tb1NEU3bEFwUV+D/f1bNfYIsmzJXFKJt40P/qUEhe2eNCY/y9Fgs2CjI7vEzYLGHt7LH3f2XiP0kmPOzp2UbCw/SnbX1PrD6fEzitK3Eq+8b2QeOOjtGx7GeL0ku9JLRA0+v9PDFGizlfV0G53jxkuT9NdqtDpK2F8KFAF7XtAofLi5DO6epIaHdAaSupSKHkyzi24+K3OhQt root@ubuntu-xenial
-----END SSH HOST KEY KEYS-----
[   69.004824] cloud-init[1365]: Cloud-init v. 17.2 running 'modules:final' at Wed, 18 Apr 2018 06:23:39 +0000. Up 67.53 seconds.
[   69.069205] cloud-init[1365]: ci-info: no authorized ssh keys fingerprints found for user ubuntu.
[   69.069449] cloud-init[1365]: Cloud-init v. 17.2 finished at Wed, 18 Apr 2018 06:23:41 +0000. Datasource DataSourceNoCloud [seed=/dev/sdb][dsmode=net].  Up 68.99 seconds
[[0;32m  OK  [0m] Started Execute cloud user/final scripts.
[[0;32m  OK  [0m] Reached target Cloud-init target.

Ubuntu 16.04.4 LTS ubuntu-xenial ttyS0

ubuntu-xenial login: 