[    0.00000Intializin coup subsys cpuset
[    0.000000] Initializing cgroup sbss cp
    0.000] Inializg groususys cpact
[   0.00000]inuxerion 4.4.0-19generic (buld@ly01-ad6013) (gc vsion 5.4.0 010609Ubntu 5.0-6ubuu1164.) )#1-Ubunt S Monpr2 16:024 UTC01 (unu 4.4.0-119.43generi4.4.11)[   .00000] Command line: BOOT_IMAGE=/boot/vmlinuz-4.4.011-generic root=LABEL=cloudimg-rootfs ro console=tty1 console=ttyS0
[    0.000000] KEELsupporedcps:[    0.000000   IelGenuinntel
   0.000000] AM AuthenticAMD
[    000000]   Ceaur nturHaul
[  0.0000 x6/fp xtate_ofet2]:  576, xtatesis[2] 26
[  .000000] x86/fpu: Supporting XSAVE feature 0x01: 'x87 flotig point registers'
[    0.0000 x86pu Suprtng XSAVE eaure 0x02: 'SSE registers'
[   000000] 86/fu: Supportng XSAVE fatur0x4: 'AVregistrs
[    0.000] x86fp Enabledxsate features 0x7, conext zeis 83byte uing 'standrd' orat.
[    0.000000] x86/fu: Using 'lazy' FPU conext switches.
    00000] e0: BS-rovided pyscal M ap:
[   0.0000 BOS-e82 [mem 0000000000000-0x00000000fb] usable
[    0.000000 BIOe80: [mem 0x000000000009fc00-0x000000000009ffff] reserved
[    0.000000] BIOS-e820: [mem 0x00000000000f0000-0x00000000000fffff] reserved
[    0.000000] BIOS-e820: [mem 0x0000000000100000-0x000000003ffeffff] usable
[    .00000] BIOS-e820: [mem 0x000000003fff0000-0x000000003fffffff] ACPI data
[    0.00000]IOS-e8: [mem 0x0000000f0000-0x00000f00ff] reserved
[    0.000000] BOSe820[mm 0x000000fee00000-0x000000ee00fff] rserved
[    0.000000] BIOS-e80:[memx0000000fffc0000-0x00000000ffffffff] rered
[   0000000]  (Excu Disable) protetin: actie[    0.000] SMBI 25 present
   0.000000] yprvis dtected: KVM
[   000000] Kernel/User pagtales isolation dsabled
[   0.000] AG N AGP rie foun
[  0.0000 e20: last_pfn =0x3fff0 max_arch_pfn = 0x400000000
[    0.000000] MTRR: Disabled
[    0.000000] x86/PAT: MTRRs disabled,skpping PAT initialization too.
[    0.000000] CPU MTRRs al lank vrtuaze sysm.
[    0.0000] x8PAT:oniguration 0-]: W    UCUC WB  WT U- UC  
[    .00000] und SMP P-ble atmem 0x009fff00x0009fff]apped at [ffff8800009f0]
[    0.000000] Scanning 1 areas for low memorycoruption
[   .000000] RAMDISK [em 06a40000x549fff]
[    0.000000]AC: Early tale checkumvericaion isled
[   000000] ACI:SDP 0x00000000E00 00024 (02BO  )
[   0.00000 ACP XDT 0x00000003F030 00003 (1 VBO  BOXXDT000000AS  00001)
[   0.00000]CPI:AC 0x000003FF00 0000F (4 VBOX  VBOXFACP 00000001 L 000061
[    .00000] ACPI DDT 0x000000003FFF0470 021F (v0 VX   BOIOS 00002 TL201601)
[    0.00000 ACPI:FAS 0x000003FF200 000
[  0.0000 ACPI:ACS 0x0000003FFF020 0040    00000] ACI:PIC 0x000003FFF02400000 (02 VBO  VBOXAPIC000001 L  00000061)
[    0.000000] ACPI: SSDT 0x00000003FF02 001CCv0 VBOX  BOXCPUT 00000002 INTL 20160108)
[    0.0000] No NUMA configuration found
[   0.000000] Faking a node at [emx0000000000000000-0x000000003ffeffff][    0.000] NOE_TA(0 aocatd em 0xff000-0x3ffeffff]
[    00000] kvm-clock: Using msrs 4b564d01 and 4b54d0
[    .00000kv-clock: cpu 0, msr 0:3ffe3001, primary cpu clock
[    0.000000] kvm-clock: using sched offset of 3709166cyles    00000] clocourc: kvm-clock: mak:xffffffffffff ax_cycles: 0x1c42e4dfb,max_idle_ns: 881590591483 ns
[    0.000000] Zone ranges:
[   .0000]  DMA    [memx000000001000-0x0000000ffffff]
[    0.000000]   DMA32    [mem 0x0000000001000000-0x000000003ffeffff]    00000] Nrmal epty
[   0.00000] Deve  empty
    00000] ovle znetartoreach nod
[    .00000Ealy memor nodrages
[   .000000]   node   0: me 0x0000000000001000-0x000000000009efff]
[   0.00000] nod  : [mem 00000000000000-0x000003efff]
[   .0000]Inimesetup node 0 [mem 0x0000000000001000-0x000000003ffeffff]
[    0.000000] ACPI: P-Ter IPot: 0x400
   0.0000] IOPI0]: icid 2, vrsn 32, adess 0xfc000, SI-23    00000]AC: INSR_OVR (bus 0 us_irq globa_i 2 d dl)
[    0.000000] ACPI: INT_SRC_OVR (bus 0 bus_ir 9 globairq 9 w level)
[  0.00000] Usin API MA) for SMP configuratio iormaio
[    00000] smpbot:Allowin 2CPUs, 0 hotplug CPUs
[    0.000000] PM: Registered nosave memory: [mem 0x000000-0x0000f]
[   .00000] PM: Registere nsave memory: [mem 0x000f000-0x0009fff]
[   0.0000 P: Restred sae mery [me0x00a0000-0x00effff][    0.0000] PM: Regsted nsave memory: [m x000f0000-0x000fffff]
[   0.00000]820: [mem x40000000-0xfebfffff] availbl for PCdevics[    0.000000] Booting paravitualedkernel on KM
[  .00000] lockure: rein-jifes mask: 0xffffffff max_cyes: 0fffffff, max_idle_ns: 4519600211568 n
[    00000] et_percpu: NR_CPUS:512 nr_cpuasbits:512 nr_cp_i:2 n_ne_id1
[  .0000]PERCP: bedd 3 pags/u @ffff803fc0000 99544 r8192 d31528 u1048576
[    0.000000] PV qspinlock hash table entries: 256 (order: 0, 4096 bytes)
[    0.000000] Built 1 zonelitsin Node order, mobility grouping n.Total pages: 257912
[   .00000] oly zone: MA2
[    0.000000] Kernel command line: BOOT_IMAGE=/boot/vmlinuz-4.4.0-119-generic root=LABEL=cloudimg-rootfs ro console=tty1 console=ttyS0
[    0.000000] PID hash table entries: 4096 (order: 3, 32768 bytes)
[    0.000000] AGP: Checking aperture...
[    0.000000] AGP: No AGP bridge found
[    0.000000] Memory: 1001620K/1048120K available (8532K kernel od, 1313K rwdata, 3996K rodata, 1508K init, 1316K bss, 46500K rseved, 0K cm-rserved)
   0.000000 SB: HWalin=, Orr=-3, nOjects=, PUs=2,odes=1
[  0.0000 Hierrccal U mplenttion.
[    0.000000] Buld-time adjutmenofleaf fout o 4.
[  0.0000] CU resticng CPUsfrm N_CS=512 to ncpu_s=.
[   0.0000] RCU:Adjuti geometry for ru_faouleaf4,nr_c_is=2
[    0.0000]NR_IRQS3324 nirs:4416
[   0.00000] Csole: colr VGA+ 80x25
[   0.0000] console [tt1]enabled
[    0.000000] console [ttyS0] enabled
[    0.000000] tsc: Detected 3415.332 MHz processor
[    0.000000] tsc: Marking TSC unstable due to TSCs unsynchronized
[    0.012000] Calibrating delay loop (skipped) preset value.. 6830.66 BogoMIPS (lpj=13661328)
[    0.016013] pid_max: default: 32768 minimum: 301
[    0.020017] ACPI: Core revision 20150930
[    0.025136] ACPI: 2 ACPI AML tables successfully acquired and loaded
[    0.032463] Security Framework initialized
[    0.036005] Yama: becoming mindful.
[    0.040038] AppArmor: AppArmor initialized
[    0.044125] Dentry cache hash table entries: 131072 (order: 8, 1048576 bytes)
[    0.048294] Inode-cache hash table entries: 65536 (order: 7, 524288 bytes)
[    0.052833] Mount-cache hash table entries: 2048 (order: 2, 16384 bytes)
[    0.056010] Mountpoint-cache hash table entries: 2048 (order: 2, 16384 bytes)
[    0.060217] Initializing cgroup subsys io
[    0.064019] Initializing cgroup subsys memory
[    0.068035] Initializing cgroup subsys devices
[    0.072014] Initializing cgroup subsys freezer
[    0.076008] Initializing cgroup subsys net_cls
[    0.080018] Initializing cgroup subsys perf_event
[    0.084010] Initializing cgroup subsys net_prio
[    0.088014] Initializing cgroup subsys hugetlb
[    0.092012] Initializing cgroup subsys pids
[    0.096153] FEATURE SPEC_CTRL Not Present
[    0.100009] FEATURE IBPB Not Present
[    0.104006] CPU: Physical Processor ID: 0
[    0.108011] CPU: Processor Core ID: 0
[    0.112011] mce: CPU supports 0 MCE banks
[    0.116033] Last level iTLB entries: 4KB 512, 2MB 1024, 4MB 512
[    0.120012] Last level dTLB entries: 4KB 1024, 2MB 1024, 4MB 512, 1GB 0
[    0.124007] Spectre V2 mitigation: LFENCE not serializing. Switching to generic retpoline
[    0.128009] Spectre V2 mitigation: Mitigation: Full generic retpoline
[    0.132007] Spectre V2 mitigation: Speculation control IBPB not-supported IBRS not-supported
[    0.136007] Spectre V2 mitigation: Filling RSB on context switch
[    0.146684] Freeing SMP alternatives memory: 32K
[    0.161239] ftrace: allocating 32195 entries in 126 pages
[    0.196107] smpboot: APIC(0) Converting physical 0 to logical package 0
[    0.200017] smpboot: Max logical packages: 1
[    0.204471] x2apic enabled
[    0.208010] Switched APIC routing to physical x2apic.
[    0.213780] ..TIMER: vector=0x30 apic1=0 pin1=2 apic2=-1 pin2=-1
[    0.220000] smpboot: CPU0: AMD FX(tm)-8120 Eight-Core Processor (family: 0x15, model: 0x1, stepping: 0x2)
[    0.232015] Performance Events: Broken PMU hardware detected, using software events only.
[    0.240004] Failed to access perfctr msr (MSR c0010007 is 0)
[    0.244051] KVM setup paravirtual spinlock
[    0.248892] x86: Booting SMP configuration:
[    0.252010] .... node  #0, CPUs:      #1
[    0.012000] kvm-clock: cpu 1, msr 0:3ffe3041, secondary cpu clock
[    0.012000] mce: CPU supports 0 MCE banks
[    0.404144] x86: Booted up 1 node, 2 CPUs
[    0.408011] smpboot: Total of 2 processors activated (13661.32 BogoMIPS)
[    0.412399] devtmpfs: initialized
[    0.420562] evm: security.selinux
[    0.424007] evm: security.SMACK64
[    0.428007] evm: security.SMACK64EXEC
[    0.432007] evm: security.SMACK64TRANSMUTE
[    0.436002] evm: security.SMACK64MMAP
[    0.440003] evm: security.ima
[    0.444002] evm: security.capability
[    0.448799] clocksource: jiffies: mask: 0xffffffff max_cycles: 0xffffffff, max_idle_ns: 7645041785100000 ns
[    0.452032] futex hash table entries: 512 (order: 3, 32768 bytes)
[    0.456089] pinctrl core: initialized pinctrl subsystem
[    0.460167] RTC time:  5:56:02, date: 04/17/18
[    0.464200] NET: Registered protocol family 16
[    0.480010] cpuidle: using governor ladder
[    0.624014] cpuidle: using governor menu
[    0.740018] PCCT header not found.
[    0.792416] ACPI: bus type PCI registered
[    0.800005] acpiphp: ACPI Hot Plug PCI Controller Driver version: 0.5
[    0.968024] PCI: Using configuration type 1 for base access
[    1.156010] PCI: Using configuration type 1 for extended access
[    1.376144] ACPI: Added _OSI(Module Device)
[    1.524016] ACPI: Added _OSI(Processor Device)
[    1.652012] ACPI: Added _OSI(3.0 _SCP Extensions)
[    1.812016] ACPI: Added _OSI(Processor Aggregator Device)
[    1.904032] ACPI: Executed 1 blocks of module-level executable AML code
[    2.137114] ACPI: Interpreter enabled
[    2.248028] ACPI: (supports S0 S5)
[    2.344012] ACPI: Using IOAPIC for interrupt routing
[    2.512277] PCI: Using host bridge windows from ACPI; if necessary, use "pci=nocrs" and report a bug
[    2.789773] ACPI: PCI Root Bridge [PCI0] (domain 0000 [bus 00-ff])
[    2.876016] acpi PNP0A03:00: _OSC: OS supports [ExtendedConfig ASPM ClockPM Segments MSI]
[    2.952099] acpi PNP0A03:00: _OSC: OS now controls [PCIeHotplug PME AER PCIeCapability]
[    3.292381] PCI host bridge to bus 0000:00
[    3.444016] pci_bus 0000:00: root bus resource [io  0x0000-0x0cf7 window]
[    3.672022] pci_bus 0000:00: root bus resource [io  0x0d00-0xffff window]
[    3.916018] pci_bus 0000:00: root bus resource [mem 0x000a0000-0x000bffff window]
[    3.996018] pci_bus 0000:00: root bus resource [mem 0x40000000-0xfdffffff window]
[    4.084025] pci_bus 0000:00: root bus resource [bus 00-ff]
[    4.273573] pci 0000:00:01.1: legacy IDE quirk: reg 0x10: [io  0x01f0-0x01f7]
[    4.504015] pci 0000:00:01.1: legacy IDE quirk: reg 0x14: [io  0x03f6]
[    4.768017] pci 0000:00:01.1: legacy IDE quirk: reg 0x18: [io  0x0170-0x0177]
[    5.012015] pci 0000:00:01.1: legacy IDE quirk: reg 0x1c: [io  0x0376]
[    5.220047] pci 0000:00:07.0: quirk: [io  0x4000-0x403f] claimed by PIIX4 ACPI
[    5.496020] pci 0000:00:07.0: quirk: [io  0x4100-0x410f] claimed by PIIX4 SMB
[    5.813562] ACPI: PCI Interrupt Link [LNKA] (IRQs 5 9 10 *11)
[    6.012735] ACPI: PCI Interrupt Link [LNKB] (IRQs 5 9 *10 11)
[    6.220641] ACPI: PCI Interrupt Link [LNKC] (IRQs 5 *9 10 11)
[    6.292539] ACPI: PCI Interrupt Link [LNKD] (IRQs 5 9 10 *11)
[    6.476610] ACPI: Enabled 2 GPEs in block 00 to 07
[    6.652302] vgaarb: setting as boot device: PCI:0000:00:02.0
[    6.656000] vgaarb: device added: PCI:0000:00:02.0,decodes=io+mem,owns=io+mem,locks=none
[    6.948014] vgaarb: loaded
[    7.036015] vgaarb: bridge control possible 0000:00:02.0
[    7.144203] SCSI subsystem initialized
[    7.184096] ACPI: bus type USB registered
[    7.332078] usbcore: registered new interface driver usbfs
[    7.400042] usbcore: registered new interface driver hub
[    7.572059] usbcore: registered new device driver usb
[    7.724050] PCI: Using ACPI for IRQ routing
[    7.888264] NetLabel: Initializing
[    8.040005] NetLabel:  domain hash size = 128
[    8.220005] NetLabel:  protocols = UNLABELED CIPSOv4
[    8.368044] NetLabel:  unlabeled traffic allowed by default
[    8.492089] amd_nb: Cannot enumerate AMD northbridges
[    8.540070] clocksource: Switched to clocksource kvm-clock
[    8.763592] AppArmor: AppArmor Filesystem Enabled
[    8.787460] pnp: PnP ACPI init
[    8.799763] pnp: PnP ACPI: found 3 devices
[    8.813734] clocksource: acpi_pm: mask: 0xffffff max_cycles: 0xffffff, max_idle_ns: 2085701024 ns
[    8.890051] NET: Registered protocol family 2
[    8.962813] TCP established hash table entries: 8192 (order: 4, 65536 bytes)
[    9.061960] TCP bind hash table entries: 8192 (order: 5, 131072 bytes)
[    9.229820] TCP: Hash tables configured (established 8192 bind 8192)
[    9.508893] UDP hash table entries: 512 (order: 2, 16384 bytes)
[    9.595813] UDP-Lite hash table entries: 512 (order: 2, 16384 bytes)
[    9.601389] NET: Registered protocol family 1
[    9.710833] pci 0000:00:00.0: Limiting direct PCI/PCI transfers
[    9.915071] pci 0000:00:01.0: Activating ISA DMA hang workarounds
[   10.125723] Unpacking initramfs...
[   12.211920] Freeing initrd memory: 10904K
[   12.241167] clocksource: tsc: mask: 0xfffffffffffffff x_cl: 31e276 m_ie_: 4079531839 n

[   122407plfo r_cs:egted atrmTCeve no P deve un
[   12.248247] Scanning for low memory corruption every 60 seconds
[   12.248655] audit: initializing netlink subsys (disabled)
[   12.248671] audit: type=2000 audit(1523944551.883:1): initialized
[   12.248950] Initialise system trusted keyring
[   12.249035] HugeTLB registered 2 MB page size, pre-allocated 0 pages
[   12.251241] zbud: loaded
[   12.251663] VFS: Disk quotas dquot_6.6.0
[   12.251704] VFS: Dquot-cache hash table entries: 512 (order 0, 4096 bytes)
[   12.252083] squashfs: version 4.0 (2009/01/31) Phillip Lougher
[   12.252417] fuse init (API version 7.23)
[   12.252596] Key type big_key registered
[   12.252611] Allocating IMA MOK and blacklist keyrings.
[   12.252947] Key type asymmetric registered
[   12.252973] Asymmetric key parser 'x509' registered
[   12.253019] Block layer SCSI generic (bsg) driver version 0.4 loaded (major 249)
[   12.253050] io scheduler noop registered
[   12.253052] io scheduler deadline registered (default)
[   12.253096] io scheduler cfq registered
[   12.253222] pci_hotplug: PCI Hot Plug PCI Core version: 0.5
[   12.253231] pciehp: PCI Express Hot Plug Controller Driver version: 0.4
[   12.253375] ACPI: AC Adapter [AC] (on-line)
[   12.253457] input: Power Button as /devices/LNXSYSTM:00/LNXPWRBN:00/input/input0
[   12.253460] ACPI: Power Button [PWRF]
[   12.253554] input: Sleep Button as /devices/LNXSYSTM:00/LNXSLPBN:00/input/input1
[   12.253557] ACPI: Sleep Button [SLPF]
[   12.253746] GHES: HEST is not enabled!
[   12.253846] Serial: 8250/16550 driver, 32 ports, IRQ sharing enabled
[   12.965942] 00:02: ttyS0 at I/O 0x3f8 (irq = 4, base_baud = 115200) is a 16550A
[   14.025220] Linux agpgart interface v0.103
[   14.203390] loop: module loaded
[   14.204157] scsi host0: ata_piix
[   14.204245] scsi host1: ata_piix
[   14.204316] ata1: PATA max UDMA/33 cmd 0x1f0 ctl 0x3f6 bmdma 0xd000 irq 14
[   14.204317] ata2: PATA max UDMA/33 cmd 0x170 ctl 0x376 bmdma 0xd008 irq 15
[   14.204425] libphy: Fixed MDIO Bus: probed
[   14.204428] tun: Universal TUN/TAP device driver, 1.6
[   14.204428] tun: (C) 1999-2004 Max Krasnyansky <maxk@qualcomm.com>
[   14.204741] PPP generic driver version 2.4.2
[   14.204809] ehci_hcd: USB 2.0 'Enhanced' Host Controller (EHCI) Driver
[   14.204814] ehci-pci: EHCI PCI platform driver
[   14.204834] ehci-platform: EHCI generic platform driver
[   14.204844] ohci_hcd: USB 1.1 'Open' Host Controller (OHCI) Driver
[   14.204848] ohci-pci: OHCI PCI platform driver
[   14.204861] ohci-platform: OHCI generic platform driver
[   14.204871] uhci_hcd: USB Universal Host Controller Interface driver
[   14.204949] i8042: PNP: PS/2 Controller [PNP0303:PS2K,PNP0f03:PS2M] at 0x60,0x64 irq 1,12
[   14.289317] serio: i8042 KBD port at 0x60,0x64 irq 1
[   14.289326] serio: i8042 AUX port at 0x60,0x64 irq 12
[   14.289524] mousedev: PS/2 mouse device common for all mice
[   14.289913] rtc_cmos rtc_cmos: rtc core: registered rtc_cmos as rtc0
[   14.290107] rtc_cmos rtc_cmos: alarms up to one day, 114 bytes nvram
[   14.290116] i2c /dev entries driver
[   14.290195] device-mapper: uevent: version 1.0.3
[   14.290268] device-mapper: ioctl: 4.34.0-ioctl (2015-10-28) initialised: dm-devel@redhat.com
[   14.290290] ledtrig-cpu: registered to indicate activity on CPUs
[   14.290716] NET: Registered protocol family 10
[   14.290996] NET: Registered protocol family 17
[   14.291006] Key type dns_resolver registered
[   14.291342] registered taskstats version 1
[   14.291357] Loading compiled-in X.509 certificates
[   14.292278] Loaded X.509 cert 'Build time autogenerated kernel key: f854e06633b5f496ced5b2e02c7b14f761b69302'
[   14.292297] zswap: loaded using pool lzo/zbud
[   14.294265] Key type trusted registered
[   14.297558] Key type encrypted registered
[   14.297563] AppArmor: AppArmor sha1 policy hashing enabled
[   14.297567] ima: No TPM chip found, activating TPM-bypass!
[   14.297590] evm: HMAC attrs: 0x1
[   14.297875]   Magic number: 14:682:921
[   14.331593] rtc_cmos rtc_cmos: setting system clock to 2018-04-17 05:56:16 UTC (1523944576)
[   14.331776] BIOS EDD facility v0.16 2004-Jun-25, 0 devices found
[   14.331776] EDD information not available.
[   14.464841] input: AT Translated Set 2 keyboard as /devices/platform/i8042/serio0/input/input2
[   18.977406] Freeing unused kernel memory: 1508K
[   19.035737] Write protecting the kernel read-only data: 14336k
[   19.174844] Freeing unused kernel memory: 1696K
[   19.300971] Freeing unused kernel memory: 100K
Loading, please [   19.413223] random: systemd-udevd: uninitialized urandom read (16 bytes read, 4 bits of entropy available)
wait...
startin[   19.414151] random: udevadm: uninitialized urandom read (16 bytes read, 4 bits of entropy available)
g version 229
[   19.414175] random: udevadm: uninitialized urandom read (16 bytes read, 4 bits of entropy available)
[   19.428243] random: udevadm: uninitialized urandom read (16 bytes read, 4 bits of entropy available)
[   19.428243] random: udevadm: uninitialized urandom read (16 bytes read, 4 bits of entropy available)
[   19.428243] random: udevadm: uninitialized urandom read (16 bytes read, 4 bits of entropy available)
[   19.428243] random: udevadm: uninitialized urandom read (16 bytes read, 4 bits of entropy available)
[   19.428243] random: udevadm: uninitialized urandom read (16 bytes read, 4 bits of entropy available)
[   19.428243] random: udevadm: uninitialized urandom read (16 bytes read, 4 bits of entropy available)
[   19.428243] random: udevadm: uninitialized urandom read (16 bytes read, 4 bits of entropy available)
[   19.576062] Fusion MPT base driver 3.04.20
[   19.582590] Copyright (c) 1999-2008 LSI Corporation
[   19.589947] e1000: Intel(R) PRO/1000 Network Driver - version 7.3.21-k8-NAPI
[   19.687969] e1000: Copyright (c) 1999-2006 Intel Corporation.
[   19.718092] Fusion MPT SPI Host driver 3.04.20
[   19.750897] AVX version of gcm_enc/dec engaged.
[   19.760101] mptbase: ioc0: Initiating bringup
[   19.824416] ioc0: LSI53C1030 A0: Capabilities={Initiator}
[   19.912897] AES CTR mode by8 optimization enabled
[   19.965014] input: ImExPS/2 Generic Explorer Mouse as /devices/platform/i8042/serio1/input/input4
[   20.089739] scsi host2: ioc0: LSI53C1030 A0, FwRev=00000000h, Ports=1, MaxQ=256, IRQ=20
[   20.372475] scsi 2:0:0:0: Direct-Access     VBOX     HARDDISK         1.0  PQ: 0 ANSI: 5
[   20.453425] scsi target2:0:0: Beginning Domain Validation
[   20.565692] scsi target2:0:0: Domain Validation skipping write tests
[   20.567722] scsi target2:0:0: Ending Domain Validation
[   20.587844] scsi target2:0:0: asynchronous
[   20.614630] scsi 2:0:1:0: Direct-Access     VBOX     HARDDISK         1.0  PQ: 0 ANSI: 5
[   20.694298] scsi target2:0:1: Beginning Domain Validation
[   20.709086] scsi target2:0:1: Domain Validation skipping write tests
[   20.714266] scsi target2:0:1: Ending Domain Validation
[   20.763180] e1000 0000:00:03.0 eth0: (PCI:33MHz:32-bit) 02:39:99:10:d1:5e
[   20.763195] e1000 0000:00:03.0 eth0: Intel(R) PRO/1000 Network Connection
[   21.104241] scsi target2:0:1: asynchronous
[   21.142042] e1000 0000:00:08.0 eth1: (PCI:33MHz:32-bit) 08:00:27:f2:3f:fd
[   21.165993] e1000 0000:00:08.0 eth1: Intel(R) PRO/1000 Network Connection
[   21.172703] sd 2:0:0:0: Attached scsi generic sg0 type 0
[   21.173167] sd 2:0:0:0: [sda] 20971520 512-byte logical blocks: (10.7 GB/10.0 GiB)
[   21.173185] sd 2:0:1:0: [sdb] 20480 512-byte logical blocks: (10.5 MB/10.0 MiB)
[   21.173357] sd 2:0:0:0: [sda] Write Protect is off
[   21.173405] sd 2:0:1:0: [sdb] Write Protect is off
[   21.173544] sd 2:0:1:0: [sdb] Incomplete mode parameter data
[   21.173545] sd 2:0:1:0: [sdb] Assuming drive cache: write through
[   21.173560] sd 2:0:0:0: [sda] Incomplete mode parameter data
[   21.173562] sd 2:0:0:0: [sda] Assuming drive cache: write through
[   21.175042] sd 2:0:1:0: Attached scsi generic sg1 type 0
[   21.185068]  sda: sda1
[   21.185812] sd 2:0:0:0: [sda] Attached SCSI disk
[   21.191322] sd 2:0:1:0: [sdb] Attached SCSI disk
[   21.766278] e1000 0000:00:08.0 enp0s8: renamed from eth1
[   21.832532] e1000 0000:00:03.0 enp0s3: renamed from eth0
[   22.760793] floppy0: no floppy controllers found
Begin: Loading e[   25.108329] md: linear personality registered for level -1
ssential drivers[   25.130225] md: multipath personality registered for level -4
 ... [   25.238793] md: raid0 personality registered for level 0
[   25.279177] md: raid1 personality registered for level 1
[   25.404826] raid6: sse2x1   gen()  4163 MB/s
[   25.520163] raid6: sse2x1   xor()  4036 MB/s
[   25.644049] raid6: sse2x2   gen()  6958 MB/s
[   25.736075] raid6: sse2x2   xor()  5607 MB/s
[   25.820047] raid6: sse2x4   gen() 10057 MB/s
[   25.896088] raid6: sse2x4   xor()  4498 MB/s
[   25.903664] raid6: using algorithm sse2x4 gen() 10057 MB/s
[   25.948432] raid6: .... xor() 4498 MB/s, rmw enabled
[   25.953264] raid6: using ssse3x2 recovery algorithm
[   25.958474] xor: automatically using best checksumming function:
[   26.052061]    avx       : 13214.000 MB/sec
[   26.086552] async_tx: api initialized (async)
[   26.111974] md: raid6 personality registered for level 6
[   26.133159] md: raid5 personality registered for level 5
[   26.135700] md: raid4 personality registered for level 4
[   26.145004] md: raid10 personality registered for level 10
done.
Begin: Running /scripts/init-premount ... done.
Begin: Mounting root file sys[   26.241980] Btrfs loaded
tem ... Begin: Running /scripts/local-top ... done.
Begin: Running /scripts/local-premount ... Scanning for Btr[   26.304399] EXT4-fs (sda1): mounted filesystem with ordered data mode. Opts: (null)
fs filesystems
done.
Warning: fsck not present, so skipping root file system
done.
Begin: Running /scripts/local-bottom ... done.
Begin: Running /scripts/init-bottom ... done.
[   26.976344] systemd[1]: systemd 229 running in system mode. (+PAM +AUDIT +SELINUX +IMA +APPARMOR +SMACK +SYSVINIT +UTMP +LIBCRYPTSETUP +GCRYPT +GNUTLS +ACL +XZ -LZ4 +SECCOMP +BLKID +ELFUTILS +KMOD -IDN)
[   27.162506] systemd[1]: Detected virtualization oracle.
[   27.273950] systemd[1]: Detected architecture x86-64.

Welcome to [1mUbuntu 16.04.4 LTS[0m!

[ 27636]ysem1] Setostne  <un>.
[   .106] stmd[1]: Initializing machine ID from random generator.
[   28.405603] systemd[1]: Installed transient /etc/machine-id file.
[   28.507605] random: nonblocking pool is initialized
[   29.134132] systemd[1]: Listening on Journal Audit Socket.
[[0;32m  OK  [0m] Listening on Journal Audit Socket.
[   29.8805sytemd[1]: Set up atounArtry ectable ile Format Fe ysm toout oint.
[[0;32m  OK  [0m] Set up automount Arbitrary Executab...ats File System Automount Point.
[ 305418 ste[1 Lteng oJonal Socket (/dev/log).
[[0;32m  OK  [0m] Listening on Journal Socket (/dev/log).
[ 30643]ysmd[1]: Listening on LVM2 pollaen ck.
[[0;32m  OK  [0m] Listening on LVM2 poll daemon socket.
[  34675syem1] Listening on Syslog Socket.
[[0;32m  OK  [0m] Listening on Syslog Socket.
[   31568]ysmd]: Created slice System Slice.
[[0;32m  OK  [0m] Created slice System Slice.
[ 32041]systemd[1]: Reached target Enypd lus.
[[0;32m  OK  [0m] Reached target Encrypted Volumes.
[  32.75115] sysem1]: eached target System Time Synchronizd.
[[0;32m  OK  [0m] Reached target System Time Synchronized.
[   33.136363 ste[1 Ltengn M2etatdaemon soket.
[[0;32m  OK  [0m] Listening on LVM2 metadata daemon socket.
[  38671syem1]: Reacedart ap

[[0;32m  OK  [0m] Reached target Swap.
[ 34480]ysmd]:reated sice sst-siax2et.slice.
[[0;32m  OK  [0m] Created slice system-serial\x2dgetty.slice.
[ 35339]ysmd]:isni oudv Conol Socke.
[[0;32m  OK  [0m] Listening on udev Control Socket.
[   35709]ystemd[1]:isni oudev Kne Ske
[[0;32m  OK  [0m] Listening on udev Kernel Socket.
[  36481] systmd[1 Catd sle sean Sesonli.
[[0;32m  OK  [0m] Created slice User and Session Slice.
[  34285syem1]RechedargetSles

[[0;32m  OK  [0m] Reached target Slices.
[ 384027] syem1]RehetaetseanGrp meLookup.
[[0;32m  OK  [0m] Reached target User and Group Name Lookups.
[ 38244]yste[1 Lisni oJonaSoet
[[0;32m  OK  [0m] Listening on Journal Socket.
[   39.692337] systemd[1]: Starting Set console keymap...
         Starting Set console keymap...
[   39.860367] systemd[1]: Starting Journal Service...
         Starting Journal Service...
[   39.920248] systemd[1]: Starting Remount Root and Kernel File Systems...
[   39.939211] EXT4-fs (sda1): re-mounted. Opts: (null)
         Starting Remount Root and Kernel File Systems...
[   40.208348] systemd[1]: Starting Uncomplicated firewall...
         Starting Uncomplicated firewall...
[   40.340150] systemd[1]: Mounting Huge Pages File System...
         Mounting Huge Pages File System...
[   40.460229] systemd[1]: Mounting Debug File System...
         Mounting Debug File System...
[   40.652297] systemd[1]: Starting Load Kernel Modules...
         Starting Load Kernel Modules...
[   40.751011] Loading iSCSI transport class v2.0-870.
[   40.798057] systemd[1]: Starting Create list of required static device nodes for the current kernel...
         [   40.955040] iscsi: registered transport (tcp)
Starting Create list of required st... nodes for the current kernel...
[   41.082458] iscsi: registered transport (iser)
[   41.212201] systemd[1]: Mounting POSIX Message Queue File System...
         Mounting POSIX Message Queue File System...
[   41.416345] systemd[1]: Listening on /dev/initctl Compatibility Named Pipe.
[[0;32m  OK  [0m] Listening on /dev/initctl Compatibility Named Pipe.
[   41.516297] systemd[1]: Started Forward Password Requests to Wall Directory Watch.
[[0;32m  OK  [0m] Started Forward Password Requests to Wall Directory Watch.
[   41.860392] systemd[1]: Listening on Device-mapper event daemon FIFOs.
[[0;32m  OK  [0m] Listening on Device-mapper event daemon FIFOs.
[   42.012268] systemd[1]: Starting Monitoring of LVM2 mirrors, snapshots etc. using dmeventd or progress polling...
         Starting Monitoring of LVM2 mirrors... dmeventd or progress polling...
[   42.102374] systemd[1]: Starting Nameserver information manager...
         Starting Nameserver information manager...
[   42.160299] systemd[1]: Started Trigger resolvconf update for networkd DNS.
[[0;32m  OK  [0m] Started Trigger resolvconf update for networkd DNS.
[   2.12] std[]:ouedeb Fe Systm.
[[0;32m  OK  [0m] Mounted Debug File System.
[ 42.9620] systemd[1 Mntd POSIX Message Queue Fleysm.
[[0;32m  OK  [0m] Mounted POSIX Message Queue File System.
[ 43967]yste[1: Monted He geFi Ste
[[0;32m  OK  [0m] Mounted Huge Pages File System.
[   44.248386] systemd[1]: Started Journal Service.
[[0;32m  OK  [0m] Started Journal Service.
[[0;32m  OK  [0m] Started Set console keymap.
[[0;32m  OK  [0m] Started Remount Root and Kernel File Systems.
[[0;32m  OK  [0m] Started Uncomplicated firewall.
[[0;32m  OK  [0m] Started Load Kernel Modules.
[[0;32m  OK  [0m] Started Create list of required sta...ce nodes for the current kernel.
[[0;32m  OK  [0m] Started Nameserver information manager.
[[0;32m  OK  [0m] Started LVM2 metadata daemon.
         Starting Create Static Device Nodes in /dev...
         Starting Apply Kernel Variables...
         Mounting FUSE Control File System...
         Starting Initial cloud-init job (pre-networking)...
         Starting Load/Save Random Seed...
         Starting udev Coldplug all Devices...
         Starting Flush Journal to Persistent Storage...
[[0;32m  OK  [0m] Mounted FUSE Control File System.
[[0;32m  OK  [0m] Started Monitoring of LVM2 mirrors,...ng dmeventd or progress polling.
[[0;32m  OK  [0m] Started Create Static Device Nodes in /dev.
[[0;32m  OK  [0m] Started Apply Kernel Variables.
[[0;32m  OK  [0m] Started Load/Save Random Seed.
[[0;32m  OK  [0m] Started udev Coldplug all Devices.
         Starting udev Kernel Device Manager...
[[0;32m  OK  [0m] Started Flush Journal to Persistent Storage.
[[0;32m  OK  [0m] Started udev Kernel Device Manager.
[[0;32m  OK  [0m] Started Dispatch Password Requests to Console Directory Watch.
[[0;32m  OK  [0m] Reached target Local File Systems (Pre).
[[0;32m  OK  [0m] Reached target Local File Systems.
         Starting Tell Plymouth To Write Out Runtime Data...
         Starting LSB: AppArmor initialization...
         Starting Commit a transient machine-id on disk...
         Starting Set console font and keymap...
         Starting Create Volatile Files and Directories...
[[0;32m  OK  [0m] Started Tell Plymouth To Write Out Runtime Data.
[[0;32m  OK  [0m] Started Commit a transient machine-id on disk.
[[0;32m  OK  [0m] Found device /dev/ttyS0.
[[0;32m  OK  [0m] Started Create Volatile Files and Directories.
         Starting Update UTMP about System Boot/Shutdown...
[[0;32m  OK  [0m] Started Update UTMP about System Boot/Shutdown.
[[0;32m  OK  [0m] Listening on Load/Save RF Kill Switch Status /dev/rfkill Watch.
[[0;32m  OK  [0m] Started LSB: AppArmor initialization.
[[0;32m  OK  [0m] Started Set console font and keymap.
[[0;32m  OK  [0m] Created slice system-getty.slice.
[   50.080480] cloud-init[460]: Cloud-init v. 17.2 running 'init-local' at Tue, 17 Apr 2018 05:56:51 +0000. Up 49.59 seconds.
[[0;32m  OK  [0m] Started Initial cloud-init job (pre-networking).
[[0;32m  OK  [0m] Reached target Network (Pre).
         Starting Raise network interfaces...
[[0;32m  OK  [0m] Started Raise network interfaces.
         Starting Initial cloud-init job (metadata service crawler)...
[[0;32m  OK  [0m] Reached target Network.
[   52.660143] cloud-init[962]: Cloud-init v. 17.2 running 'init' at Tue, 17 Apr 2018 05:56:53 +0000. Up 51.04 seconds.
[   52.728481] cloud-init[962]: ci-info: ++++++++++++++++++++++++++++++++++++++Net device info++++++++++++++++++++++++++++++++++++++
[[0;32m  OK  [0m] Started Initial cloud-init job (metadata service crawler).[   52.728715] 
cloud-init[962]: ci-info: +--------+-------+----------------------------+---------------+-------+-------------------+
[   52.975044] cloud-init[962]: ci-info: | Device |   Up  |          Address           |      Mask     | Scope |     Hw-Address    |
[   52.975330] cloud-init[962]: ci-info: +--------+-------+----------------------------+---------------+-------+-------------------+
[[0;32m  OK  [0m] Reached target Network is Online.
[   52.975434] cloud-init[962]: ci-info: | enp0s3 |  True |         10.0.2.15          | 255.255.255.0 |   .   | 02:39:99:10:d1:5e |
[   53.372391] cloud-init[962]: ci-info: | enp0s3 |  True | fe80::39:99ff:fe10:d15e/64 |       .       |  link | 02:39:99:10:d1:5e |
[   53.372676] cloud-init[962]: ci-info: | enp0s8 | False |             .              |       .       |   .   | 08:00:27:f2:3f:fd |
         Starting iSCSI initiator daemon (iscsid)...
[[0;32m  OK  [0m[   53.372793] ] cloud-initReached target System Initialization.[962]: 
ci-info: |   lo   |  True |         127.0.0.1          |   255.0.0.0   |   .   |         .         |
[   53.808338] cloud-init[962]: ci-info: |   lo   |  True |          ::1/128           |       .       |  host |         .         |
[   53.808623] cloud-init[962]: ci-info: +--------+-------+----------------------------+---------------+-------+-------------------+
         Starting LXD - unix socket.
[[   53.808744] cloud-init[962]: ci-info: +++++++++++++++++++++++++++Route IPv4 info++++++++++++++++++++++++++++
[0;32m  OK  [0m] Listening on ACPID Listen Socket.
[   54.136881] cloud-init[962]: ci-info: +-------+-------------+----------+---------------+-----------+-------+
[   54.397023] cloud-init[962]: ci-info: | Route | Destination | Gateway  |    Genmask    | Interface | Flags |
[   54.397371] cloud-init[962]: ci-info: +-------+-------------+----------+---------------+-----------+-------+
[[0;32m  OK  [0m] Started Timer to automatically refresh installed snaps.
[[0;32m  OK  [0m] Listening on D-Bus System Message Bus Socket.
[   54.397446] cloud-init[962]: ci-info: |   0   |   0.0.0.0   | 10.0.2.2 |    0.0.0.0    |   enp0s3  |   UG  |
[[0;32m  OK  [0m] Started Daily apt download activities.
[[0;32m  OK  [0m] Started Daily apt upgrade and clean activities.
[   54.628818] cloud-init[962]: ci-info: |   1   |   10.0.2.0  | 0.0.0.0  | 255.255.255.0 |   enp0s3  |   U   |
[   55.212554] [cloud-init[0;32m  OK  [0m[962]: ] ci-info: +-------+-------------+----------+---------------+-----------+-------+Started ACPI Events Check.

[[0;32m  OK  [0m] Reached target Paths.
[   55.213067] cloud-init[962]: Generating public/private rsa key pair.
[   55.813556] [cloud-init[0;32m  OK  [0m[962]: ] Your identification has been saved in /etc/ssh/ssh_host_rsa_key.Started Daily Cleanup of Temporary Directories.

[[0;32m  OK  [0m] Reached target Timers.
[[0;32m  OK  [0m] Listening on UUID daemon activation socket.
[   55.813967] cloud-init[962]: Your public key has been saved in /etc/ssh/ssh_host_rsa_key.pub.
[   56.332342] cloud-init[962]: The key fingerprint is:
         Starting Socket activation for snappy daemon.
[[0;32m  OK  [0m] Reached target Cloud-config availability.
[   56.332728] cloud-init[962]: SHA256:L+OWguDOaPOCiXpjpNnrc75cgq7IcN4Dm1zgnOJKyOQ root@ubuntu-xenial
[   56.516354] [cloud-init[0;32m  OK  [0m[962]: ] The key's randomart image is:Listening on LXD - unix socket.

[[0;32m  OK  [0m] Listening on Socket activation for snappy daemon.
[   56.516861] cloud-init[962]: +---[RSA 2048]----+
[[0;32m  OK  [0m] Started iSCSI initiator daemon (iscsid).
[   56.800147] cloud-init[962]: |                 |
[   56.889815]          cloud-initStarting Login to default iSCSI targets...[962]: 
|                 |
[   56.984321] cloud-init[[962]: [0;32m  OK  [0m|                 |] 
Reached target Sockets.
[   56.985059] [cloud-init[0;32m  OK  [0m[962]: ] |  .              |Reached target Basic System.

[   57.120358] cloud-init[962]: | + o    S        |
[   57.120655] cloud-init[962]: |* B..    .       |
[[0;32m  OK  [0m] Started FUSE filesystem for LXC.
[   57.120763] cloud-init[962]: |*Eo*... o..      |
[   57.272958]          cloud-initStarting LSB: MD monitoring daemon...[962]: 
|@@@o+o..oo       |
[   57.332295]          Starting LXD - container startup/shutdown...cloud-init
[962]: |XB@B=o o.        |
[   57.332672] cloud-init[962]: +----[SHA256]-----+
[   57.444400] cloud-init[962]: Generating public/private dsa key pair.
[   57.444641] cloud-init[962]: Your identification has been saved in /etc/ssh/ssh_host_dsa_key.
[[0;32m  OK  [0m] Started Deferred execution scheduler.
[   57.444756] cloud-init[962]: Your public key has been saved in /etc/ssh/ssh_host_dsa_key.pub.
[   57.673262] cloud-init[[962]: [0;32m  OK  [0mThe key fingerprint is:
] Started Regular background program processing daemon.
[   57.673704] cloud-init[962]: SHA256:Dz5vU7h6g+WGM1lFYVT0xyH3PcCu9RizyZ22rO2J6dY root@ubuntu-xenial
[   57.840379] cloud-init[962]: The key's randomart image is:
         Starting System Logging Service...
[   57.840812] cloud-init[962]: +---[DSA 1024]----+
         Starting Apply the settings specified in cloud-config...
[   57.946674] cloud-init[962]: |           .=*oo |
[   58.024326] cloud-init[962]: |           ...+o+|
         Starting Pollinate to seed the pseudo random number generator...
[   58.054641] cloud-init[962]: |           ..  .*|
[   58.140187] cloud-init[962]: |            .=  o|
[   58.140277] cloud-init[962]: |        S  o+ O .|
[   58.140462] cloud-init[962]: |       . o+..= = |
[   58.140527] cloud-init[962]: |        oB.o  + .|
[   58.140595] cloud-init[962]: |        *oO  .+E.|
[   58.140662] cloud-init[962]: |        .B.oo=o+ |
[   58.140724] cloud-init[962]: +----[SHA256]-----+
[   58.140787] cloud-init[962]: Generating public/private ecdsa key pair.
[   58.140854] cloud-init[962]: Your identification has been saved in /etc/ssh/ssh_host_ecdsa_key.
[   58.140917] cloud-init[962]: Your public key has been saved in /etc/ssh/ssh_host_ecdsa_key.pub.
[   58.140982] cloud-init[962]: The key fingerprint is:
[   58.141043] cloud-init[962]: SHA256:16BkQFrUgywpRvAIRsxdv6h3UG2uMJFe75S+F8NF/Bc root@ubuntu-xenial
[   58.141106] cloud-init[962]: The key's randomart image is:
[   58.141196] cloud-init[962]: +---[ECDSA 256]---+
[   58.141262] cloud-init[962]: |*=o .*=o    .    |
[   58.141340] cloud-init[962]: |o=o.oo=.+    o E |
[   58.141441] cloud-init[962]: |.....+ +o+. . . .|
[   58.141517] cloud-init[962]: |    . =o=..o . ..|
[   58.141599] cloud-init[962]: |     * .S=o o   .|
[   58.141693] cloud-init[962]: |    . + =. +     |
[   58.141769] cloud-init[962]: |   . . o o  o    |
[   58.141836] cloud-init[962]: |    . .   ..     |
[   58.141898] cloud-init[962]: |         ..      |
[   58.141964] cloud-init[962]: +----[SHA256]-----+
[   58.142030] cloud-init[962]: Generating public/private ed25519 key pair.
[   58.142092] cloud-init[962]: Your identification has been saved in /etc/ssh/ssh_host_ed25519_key.
[   58.142155] cloud-init[962]: Your public key has been saved in /etc/ssh/ssh_host_ed25519_key.pub.
[   58.142217] cloud-init[962]: The key fingerprint is:
[   58.142288] cloud-init[962]: SHA256:tU5EZ2h1YBucrLmPBDj+XHRuvdIJVExS4T5Q+EihcHg root@ubuntu-xenial
[   58.142350] cloud-init[962]: The key's randomart image is:
[   58.142411] cloud-init[962]: +--[ED25519 256]--+
[   58.142473] cloud-init[962]: |        ..o=XO*. |
[   58.142541] cloud-init[962]: |        .+E=*Bo  |
[   58.142604] cloud-init[962]: |       . o++o+.  |
[   58.142667] cloud-init[962]: |      o .o+.+o.  |
[   58.142728] cloud-init[962]: |     . .Soo= .o  |
[   58.142788] cloud-init[962]: |      .  o+ + .. |
[   58.142851] cloud-init[962]: |       o o.+ o o |
[   58.142912] cloud-init[962]: |        o . o +  |
[   58.143008] cloud-init[962]: |             .   |
[   58.143098] cloud-init[962]: +----[SHA256]-----+
         Starting Login Service...
[   58.641894] cloud-init[1086]: Generating locales (this might take a while)...
         Starting /etc/rc.local Compatibility...
[   60.281107] cloud-init[1086]:   en_US.UTF-8... done
[   60.352540] [cloud-init[0;32m  OK  [0m[1086]: ] Generation complete.Started ACPI event daemon.

         Starting Snappy daemon...
[[0;32m  OK  [0m] Started Unattended Upgrades Shutdown.
         Starting Accounts Service...
[[0;32m  OK  [0m] Started D-Bus System Message Bus.
         Starting Virtualbox guest utils...
         Starting LSB: Record successful boot for GRUB...
[[0;32m  OK  [0m] Started System Logging Service.
[[0;32m  OK  [0m] Started LXD - container startup/shutdown.
[[0;32m  OK  [0m] Started Pollinate to seed the pseudo random number generator.
[[0;32m  OK  [0m] Started /etc/rc.local Compatibility.
[   61.634298] cloud-init[1086]: Cloud-init v. 17.2 running 'modules:config' at Tue, 17 Apr 2018 05:57:00 +0000. Up 58.35 seconds.
[[0;32m  OK  [0m] Started Apply the settings specified in cloud-config.
[[0;32m  OK  [0m] Started LSB: MD monitoring daemon.
[[0;32m  OK  [0m] Started Login to default iSCSI targets.
[[0;32m  OK  [0m] Started Login Service.
         Starting Authenticate and Authorize Users to Run Privileged Tasks...
[[0;32m  OK  [0m] Reached target Remote File Systems (Pre).
[[0;32m  OK  [0m] Reached target Remote File Systems.
         Starting LSB: automatic crash report generation...
         Starting LSB: daemon to balance interrupts for SMP systems...
         Starting Permit User Sessions...
         Starting LSB: Set the CPU Frequency Scaling governor to "ondemand"...
         Starting OpenBSD Secure Shell server...
[[0;32m  OK  [0m] Started Snappy daemon.
[[0;32m  OK  [0m] Started OpenBSD Secure Shell server.
[[0;32m  OK  [0m] Started Virtualbox guest utils.
[[0;32m  OK  [0m] Started LSB: Record successful boot for GRUB.
[[0;32m  OK  [0m] Started Permit User Sessions.
[[0;32m  OK  [0m] Started Authenticate and Authorize Users to Run Privileged Tasks.
[[0;32m  OK  [0m] Started Accounts Service.
         Starting Hold until boot process finishes up...
         Starting Terminate Plymouth Boot Screen...
[[0;32m  OK  [0m] Started LSB: automatic crash report generation.
[[0;32m  OK  [0m] Started LSB: daemon to balance interrupts for SMP systems.
[[0;32m  OK  [0m] Started LSB: Set the CPU Frequency Scaling governor to "ondemand".
[[0;32m  OK  [0m] Started Hold until boot process finishes up.
[[0;32m  OK  [0m] Started Terminate Plymouth Boot Screen.
[[0;32m  OK  [0m] Created slice User Slice of vagrant.
         Starting User Manager for UID 1000...
[[0;32m  OK  [0m] Started Session 1 of user vagrant.
[[0;32m  OK  [0m] Started Getty on tty1.
[[0;32m  OK  [0m] Started Serial Getty on ttyS0.
[[0;32m  OK  [0m] Reached target Login Prompts.
         Starting Set console scheme...
[[0;32m  OK  [0m] Reached target Multi-User System.
[[0;32m  OK  [0m] Reached target Graphical Interface.
         Starting Update UTMP about System Runlevel Changes...
         Starting Execute cloud user/final scripts...
[[0;32m  OK  [0m] Started User Manager for UID 1000.
[[0;32m  OK  [0m] Started Set console scheme.
[[0;32m  OK  [0m] Started Update UTMP about System Runlevel Changes.
ci-info: no authorized ssh keys fingerprints found for user ubuntu.
<14>Apr 17 05:57:06 ec2: 
<14>Apr 17 05:57:06 ec2: #############################################################
<14>Apr 17 05:57:06 ec2: -----BEGIN SSH HOST KEY FINGERPRINTS-----
<14>Apr 17 05:57:06 ec2: 1024 SHA256:Dz5vU7h6g+WGM1lFYVT0xyH3PcCu9RizyZ22rO2J6dY root@ubuntu-xenial (DSA)
<14>Apr 17 05:57:06 ec2: 256 SHA256:16BkQFrUgywpRvAIRsxdv6h3UG2uMJFe75S+F8NF/Bc root@ubuntu-xenial (ECDSA)
<14>Apr 17 05:57:06 ec2: 256 SHA256:tU5EZ2h1YBucrLmPBDj+XHRuvdIJVExS4T5Q+EihcHg root@ubuntu-xenial (ED25519)
<14>Apr 17 05:57:06 ec2: 2048 SHA256:L+OWguDOaPOCiXpjpNnrc75cgq7IcN4Dm1zgnOJKyOQ root@ubuntu-xenial (RSA)
<14>Apr 17 05:57:06 ec2: -----END SSH HOST KEY FINGERPRINTS-----
<14>Apr 17 05:57:06 ec2: #############################################################
-----BEGIN SSH HOST KEY KEYS-----
ecdsa-sha2-nistp256 AAAAE2VjZHNhLXNoYTItbmlzdHAyNTYAAAAIbmlzdHAyNTYAAABBBE5UXEdB+fCEGGRmH8Glx+U833SUNKUnGurtvhl3oqTpC7hqkLS8ej/q4YdXAFIN8acL3yo9PkIbJrtxOBqXZS4= root@ubuntu-xenial
ssh-ed25519 AAAAC3NzaC1lZDI1NTE5AAAAIHVa14b9zFyXCbKMDE9IUHi4gttwongu2mzU6Y0Vs7VQ root@ubuntu-xenial
ssh-rsa AAAAB3NzaC1yc2EAAAADAQABAAABAQCqNXy9dbTGclKGheL1tod3FeklswVMChQx8qKN0xy5BYCyKGJlzw+w0DG71+nqjOFzTj8sQ225slfbkCBJPaeyUvtQaYfVMcPRWa6KO5jL+fmN4Zd1qI5Ymv3KxnQy/VMdkohmgmy8sO7F5uQIPD4jHwCJ0VPmxqK5bQWCu7GifLdRpyKJQxv5HIQohYPtzxjvsHGEq1OAXoxaNPIiBTHeIaJnHaT8RHLqg31Fe0jA2kxJ4QabVQagB/fuIGH4CFQM0SJGjeMgU3RGhM0iNncC+s0dnIC9lRItEGfg1UpQbEkSYMvTuD0VkyITW2mvxjSPZZZEyZvunYoD0DJSmQAd root@ubuntu-xenial
-----END SSH HOST KEY KEYS-----
[   65.613770] cloud-init[1325]: Cloud-init v. 17.2 running 'modules:final' at Tue, 17 Apr 2018 05:57:06 +0000. Up 64.05 seconds.
[   65.692629] [cloud-init[0;32m  OK  [0m[1325]: ] ci-info: no authorized ssh keys fingerprints found for user ubuntu.Started Execute cloud user/final scripts.

[   65.693089] cloud-init[1325]: Cloud-init v. 17.2 finished at Tue, 17 Apr 2018 05:57:07 +0000. Datasource DataSourceNoCloud [seed=/dev/sdb][dsmode=net].  Up 65.60 seconds
[[0;32m  OK  [0m] Reached target Cloud-init target.

Ubuntu 16.04.4 LTS ubuntu-xenial ttyS0

ubuntu-xenial login: 